/home/taste/Documents/FlyingTasters/PythonSocketServer/runSocketServer.sh: line 3: activate: No such file or directory
ERROR:cflib.crazyflie:Couldn't load link driver: Cannot find a Crazyradio Dongle

Traceback (most recent call last):
  File "/home/taste/.local/lib/python3.5/site-packages/cflib/drivers/crazyradio.py", line 119, in __init__
    device = _find_devices()[devid]
IndexError: list index out of range

During handling of the above exception, another exception occurred:

Traceback (most recent call last):
  File "/home/taste/.local/lib/python3.5/site-packages/cflib/crazyflie/__init__.py", line 218, in open_link
    link_uri, self._link_quality_cb, self._link_error_cb)
  File "/home/taste/.local/lib/python3.5/site-packages/cflib/crtp/__init__.py", line 91, in get_link_driver
    instance.connect(uri, link_quality_callback, link_error_callback)
  File "/home/taste/.local/lib/python3.5/site-packages/cflib/crtp/radiodriver.py", line 188, in connect
    address)
  File "/home/taste/.local/lib/python3.5/site-packages/cflib/crtp/radiodriver.py", line 98, in __init__
    _RadioManager._radios[self._devid] = _SharedRadio(self._devid)
  File "/home/taste/.local/lib/python3.5/site-packages/cflib/crtp/radiodriver.py", line 67, in __init__
    self.radio = Crazyradio(devid=devid)
  File "/home/taste/.local/lib/python3.5/site-packages/cflib/drivers/crazyradio.py", line 121, in __init__
    raise Exception('Cannot find a Crazyradio Dongle')
Exception: Cannot find a Crazyradio Dongle

Connecting to radio://0/81/250K
Connection to radio://0/81/250K failed: Couldn't load link driver: Cannot find a Crazyradio Dongle

Traceback (most recent call last):
  File "/home/taste/.local/lib/python3.5/site-packages/cflib/drivers/crazyradio.py", line 119, in __init__
    device = _find_devices()[devid]
IndexError: list index out of range

During handling of the above exception, another exception occurred:

Traceback (most recent call last):
  File "/home/taste/.local/lib/python3.5/site-packages/cflib/crazyflie/__init__.py", line 218, in open_link
    link_uri, self._link_quality_cb, self._link_error_cb)
  File "/home/taste/.local/lib/python3.5/site-packages/cflib/crtp/__init__.py", line 91, in get_link_driver
    instance.connect(uri, link_quality_callback, link_error_callback)
  File "/home/taste/.local/lib/python3.5/site-packages/cflib/crtp/radiodriver.py", line 188, in connect
    address)
  File "/home/taste/.local/lib/python3.5/site-packages/cflib/crtp/radiodriver.py", line 98, in __init__
    _RadioManager._radios[self._devid] = _SharedRadio(self._devid)
  File "/home/taste/.local/lib/python3.5/site-packages/cflib/crtp/radiodriver.py", line 67, in __init__
    self.radio = Crazyradio(devid=devid)
  File "/home/taste/.local/lib/python3.5/site-packages/cflib/drivers/crazyradio.py", line 121, in __init__
    raise Exception('Cannot find a Crazyradio Dongle')
Exception: Cannot find a Crazyradio Dongle

disconnected 1
Traceback (most recent call last):
  File "/home/taste/.local/lib/python3.5/site-packages/cflib/drivers/crazyradio.py", line 119, in __init__
    device = _find_devices()[devid]
IndexError: list index out of range

During handling of the above exception, another exception occurred:

Traceback (most recent call last):
  File "/home/taste/.local/lib/python3.5/site-packages/cflib/crazyflie/__init__.py", line 218, in open_link
    link_uri, self._link_quality_cb, self._link_error_cb)
  File "/home/taste/.local/lib/python3.5/site-packages/cflib/crtp/__init__.py", line 91, in get_link_driver
    instance.connect(uri, link_quality_callback, link_error_callback)
  File "/home/taste/.local/lib/python3.5/site-packages/cflib/crtp/radiodriver.py", line 188, in connect
    address)
  File "/home/taste/.local/lib/python3.5/site-packages/cflib/crtp/radiodriver.py", line 98, in __init__
    _RadioManager._radios[self._devid] = _SharedRadio(self._devid)
  File "/home/taste/.local/lib/python3.5/site-packages/cflib/crtp/radiodriver.py", line 67, in __init__
    self.radio = Crazyradio(devid=devid)
  File "/home/taste/.local/lib/python3.5/site-packages/cflib/drivers/crazyradio.py", line 121, in __init__
    raise Exception('Cannot find a Crazyradio Dongle')
Exception: Cannot find a Crazyradio Dongle

During handling of the above exception, another exception occurred:

Traceback (most recent call last):
  File "/home/taste/Documents/FlyingTasters/PythonSocketServer/myBasiclogAndRampWithSocketServerC.py", line 165, in <module>
    le = LoggingExample("radio://0/81/250K",socket= mySocket)
  File "/home/taste/Documents/FlyingTasters/PythonSocketServer/myBasiclogAndRampWithSocketServerC.py", line 65, in __init__
    self._cf.open_link(link_uri)
  File "/home/taste/.local/lib/python3.5/site-packages/cflib/crazyflie/__init__.py", line 244, in open_link
    self.connection_failed.call(link_uri, exception_text)
  File "/home/taste/.local/lib/python3.5/site-packages/cflib/utils/callbacks.py", line 54, in call
    cb(*args)
  File "/home/taste/Documents/FlyingTasters/PythonSocketServer/myBasiclogAndRampWithSocketServerC.py", line 129, in _connection_failed
    self._socket.close()
AttributeError: 'LoggingExample' object has no attribute '_socket'
end of runSocketServer script
/home/taste/Documents/FlyingTasters/PythonSocketServer/runSocketServer.sh: line 3: activate: No such file or directory
ERROR:cflib.crazyflie:Couldn't load link driver: Cannot find a Crazyradio Dongle

Traceback (most recent call last):
  File "/home/taste/.local/lib/python3.5/site-packages/cflib/drivers/crazyradio.py", line 119, in __init__
    device = _find_devices()[devid]
IndexError: list index out of range

During handling of the above exception, another exception occurred:

Traceback (most recent call last):
  File "/home/taste/.local/lib/python3.5/site-packages/cflib/crazyflie/__init__.py", line 218, in open_link
    link_uri, self._link_quality_cb, self._link_error_cb)
  File "/home/taste/.local/lib/python3.5/site-packages/cflib/crtp/__init__.py", line 91, in get_link_driver
    instance.connect(uri, link_quality_callback, link_error_callback)
  File "/home/taste/.local/lib/python3.5/site-packages/cflib/crtp/radiodriver.py", line 188, in connect
    address)
  File "/home/taste/.local/lib/python3.5/site-packages/cflib/crtp/radiodriver.py", line 98, in __init__
    _RadioManager._radios[self._devid] = _SharedRadio(self._devid)
  File "/home/taste/.local/lib/python3.5/site-packages/cflib/crtp/radiodriver.py", line 67, in __init__
    self.radio = Crazyradio(devid=devid)
  File "/home/taste/.local/lib/python3.5/site-packages/cflib/drivers/crazyradio.py", line 121, in __init__
    raise Exception('Cannot find a Crazyradio Dongle')
Exception: Cannot find a Crazyradio Dongle

Connecting to radio://0/81/250K
Connection to radio://0/81/250K failed: Couldn't load link driver: Cannot find a Crazyradio Dongle

Traceback (most recent call last):
  File "/home/taste/.local/lib/python3.5/site-packages/cflib/drivers/crazyradio.py", line 119, in __init__
    device = _find_devices()[devid]
IndexError: list index out of range

During handling of the above exception, another exception occurred:

Traceback (most recent call last):
  File "/home/taste/.local/lib/python3.5/site-packages/cflib/crazyflie/__init__.py", line 218, in open_link
    link_uri, self._link_quality_cb, self._link_error_cb)
  File "/home/taste/.local/lib/python3.5/site-packages/cflib/crtp/__init__.py", line 91, in get_link_driver
    instance.connect(uri, link_quality_callback, link_error_callback)
  File "/home/taste/.local/lib/python3.5/site-packages/cflib/crtp/radiodriver.py", line 188, in connect
    address)
  File "/home/taste/.local/lib/python3.5/site-packages/cflib/crtp/radiodriver.py", line 98, in __init__
    _RadioManager._radios[self._devid] = _SharedRadio(self._devid)
  File "/home/taste/.local/lib/python3.5/site-packages/cflib/crtp/radiodriver.py", line 67, in __init__
    self.radio = Crazyradio(devid=devid)
  File "/home/taste/.local/lib/python3.5/site-packages/cflib/drivers/crazyradio.py", line 121, in __init__
    raise Exception('Cannot find a Crazyradio Dongle')
Exception: Cannot find a Crazyradio Dongle

disconnected 1
Traceback (most recent call last):
  File "/home/taste/.local/lib/python3.5/site-packages/cflib/drivers/crazyradio.py", line 119, in __init__
    device = _find_devices()[devid]
IndexError: list index out of range

During handling of the above exception, another exception occurred:

Traceback (most recent call last):
  File "/home/taste/.local/lib/python3.5/site-packages/cflib/crazyflie/__init__.py", line 218, in open_link
    link_uri, self._link_quality_cb, self._link_error_cb)
  File "/home/taste/.local/lib/python3.5/site-packages/cflib/crtp/__init__.py", line 91, in get_link_driver
    instance.connect(uri, link_quality_callback, link_error_callback)
  File "/home/taste/.local/lib/python3.5/site-packages/cflib/crtp/radiodriver.py", line 188, in connect
    address)
  File "/home/taste/.local/lib/python3.5/site-packages/cflib/crtp/radiodriver.py", line 98, in __init__
    _RadioManager._radios[self._devid] = _SharedRadio(self._devid)
  File "/home/taste/.local/lib/python3.5/site-packages/cflib/crtp/radiodriver.py", line 67, in __init__
    self.radio = Crazyradio(devid=devid)
  File "/home/taste/.local/lib/python3.5/site-packages/cflib/drivers/crazyradio.py", line 121, in __init__
    raise Exception('Cannot find a Crazyradio Dongle')
Exception: Cannot find a Crazyradio Dongle

During handling of the above exception, another exception occurred:

Traceback (most recent call last):
  File "/home/taste/Documents/FlyingTasters/PythonSocketServer/myBasiclogAndRampWithSocketServerC.py", line 165, in <module>
    le = LoggingExample("radio://0/81/250K",socket= mySocket)
  File "/home/taste/Documents/FlyingTasters/PythonSocketServer/myBasiclogAndRampWithSocketServerC.py", line 65, in __init__
    self._cf.open_link(link_uri)
  File "/home/taste/.local/lib/python3.5/site-packages/cflib/crazyflie/__init__.py", line 244, in open_link
    self.connection_failed.call(link_uri, exception_text)
  File "/home/taste/.local/lib/python3.5/site-packages/cflib/utils/callbacks.py", line 54, in call
    cb(*args)
  File "/home/taste/Documents/FlyingTasters/PythonSocketServer/myBasiclogAndRampWithSocketServerC.py", line 129, in _connection_failed
    self._socket.close()
AttributeError: 'LoggingExample' object has no attribute '_socket'
end of runSocketServer script
/home/taste/Documents/FlyingTasters/PythonSocketServer/runSocketServer.sh: line 3: activate: No such file or directory
ERROR:cflib.crazyflie:Couldn't load link driver: Cannot find a Crazyradio Dongle

Traceback (most recent call last):
  File "/home/taste/.local/lib/python3.5/site-packages/cflib/drivers/crazyradio.py", line 119, in __init__
    device = _find_devices()[devid]
IndexError: list index out of range

During handling of the above exception, another exception occurred:

Traceback (most recent call last):
  File "/home/taste/.local/lib/python3.5/site-packages/cflib/crazyflie/__init__.py", line 218, in open_link
    link_uri, self._link_quality_cb, self._link_error_cb)
  File "/home/taste/.local/lib/python3.5/site-packages/cflib/crtp/__init__.py", line 91, in get_link_driver
    instance.connect(uri, link_quality_callback, link_error_callback)
  File "/home/taste/.local/lib/python3.5/site-packages/cflib/crtp/radiodriver.py", line 188, in connect
    address)
  File "/home/taste/.local/lib/python3.5/site-packages/cflib/crtp/radiodriver.py", line 98, in __init__
    _RadioManager._radios[self._devid] = _SharedRadio(self._devid)
  File "/home/taste/.local/lib/python3.5/site-packages/cflib/crtp/radiodriver.py", line 67, in __init__
    self.radio = Crazyradio(devid=devid)
  File "/home/taste/.local/lib/python3.5/site-packages/cflib/drivers/crazyradio.py", line 121, in __init__
    raise Exception('Cannot find a Crazyradio Dongle')
Exception: Cannot find a Crazyradio Dongle

Connecting to radio://0/81/250K
Connection to radio://0/81/250K failed: Couldn't load link driver: Cannot find a Crazyradio Dongle

Traceback (most recent call last):
  File "/home/taste/.local/lib/python3.5/site-packages/cflib/drivers/crazyradio.py", line 119, in __init__
    device = _find_devices()[devid]
IndexError: list index out of range

During handling of the above exception, another exception occurred:

Traceback (most recent call last):
  File "/home/taste/.local/lib/python3.5/site-packages/cflib/crazyflie/__init__.py", line 218, in open_link
    link_uri, self._link_quality_cb, self._link_error_cb)
  File "/home/taste/.local/lib/python3.5/site-packages/cflib/crtp/__init__.py", line 91, in get_link_driver
    instance.connect(uri, link_quality_callback, link_error_callback)
  File "/home/taste/.local/lib/python3.5/site-packages/cflib/crtp/radiodriver.py", line 188, in connect
    address)
  File "/home/taste/.local/lib/python3.5/site-packages/cflib/crtp/radiodriver.py", line 98, in __init__
    _RadioManager._radios[self._devid] = _SharedRadio(self._devid)
  File "/home/taste/.local/lib/python3.5/site-packages/cflib/crtp/radiodriver.py", line 67, in __init__
    self.radio = Crazyradio(devid=devid)
  File "/home/taste/.local/lib/python3.5/site-packages/cflib/drivers/crazyradio.py", line 121, in __init__
    raise Exception('Cannot find a Crazyradio Dongle')
Exception: Cannot find a Crazyradio Dongle

disconnected 1
Traceback (most recent call last):
  File "/home/taste/.local/lib/python3.5/site-packages/cflib/drivers/crazyradio.py", line 119, in __init__
    device = _find_devices()[devid]
IndexError: list index out of range

During handling of the above exception, another exception occurred:

Traceback (most recent call last):
  File "/home/taste/.local/lib/python3.5/site-packages/cflib/crazyflie/__init__.py", line 218, in open_link
    link_uri, self._link_quality_cb, self._link_error_cb)
  File "/home/taste/.local/lib/python3.5/site-packages/cflib/crtp/__init__.py", line 91, in get_link_driver
    instance.connect(uri, link_quality_callback, link_error_callback)
  File "/home/taste/.local/lib/python3.5/site-packages/cflib/crtp/radiodriver.py", line 188, in connect
    address)
  File "/home/taste/.local/lib/python3.5/site-packages/cflib/crtp/radiodriver.py", line 98, in __init__
    _RadioManager._radios[self._devid] = _SharedRadio(self._devid)
  File "/home/taste/.local/lib/python3.5/site-packages/cflib/crtp/radiodriver.py", line 67, in __init__
    self.radio = Crazyradio(devid=devid)
  File "/home/taste/.local/lib/python3.5/site-packages/cflib/drivers/crazyradio.py", line 121, in __init__
    raise Exception('Cannot find a Crazyradio Dongle')
Exception: Cannot find a Crazyradio Dongle

During handling of the above exception, another exception occurred:

Traceback (most recent call last):
  File "/home/taste/Documents/FlyingTasters/PythonSocketServer/myBasiclogAndRampWithSocketServerC.py", line 165, in <module>
    le = LoggingExample("radio://0/81/250K",socket= mySocket)
  File "/home/taste/Documents/FlyingTasters/PythonSocketServer/myBasiclogAndRampWithSocketServerC.py", line 65, in __init__
    self._cf.open_link(link_uri)
  File "/home/taste/.local/lib/python3.5/site-packages/cflib/crazyflie/__init__.py", line 244, in open_link
    self.connection_failed.call(link_uri, exception_text)
  File "/home/taste/.local/lib/python3.5/site-packages/cflib/utils/callbacks.py", line 54, in call
    cb(*args)
  File "/home/taste/Documents/FlyingTasters/PythonSocketServer/myBasiclogAndRampWithSocketServerC.py", line 129, in _connection_failed
    self._socket.close()
AttributeError: 'LoggingExample' object has no attribute '_socket'
end of runSocketServer script
/home/taste/Documents/FlyingTasters/PythonSocketServer/runSocketServer.sh: line 3: activate: No such file or directory
ERROR:cflib.crazyflie:Couldn't load link driver: Cannot find a Crazyradio Dongle

Traceback (most recent call last):
  File "/home/taste/.local/lib/python3.5/site-packages/cflib/drivers/crazyradio.py", line 119, in __init__
    device = _find_devices()[devid]
IndexError: list index out of range

During handling of the above exception, another exception occurred:

Traceback (most recent call last):
  File "/home/taste/.local/lib/python3.5/site-packages/cflib/crazyflie/__init__.py", line 218, in open_link
    link_uri, self._link_quality_cb, self._link_error_cb)
  File "/home/taste/.local/lib/python3.5/site-packages/cflib/crtp/__init__.py", line 91, in get_link_driver
    instance.connect(uri, link_quality_callback, link_error_callback)
  File "/home/taste/.local/lib/python3.5/site-packages/cflib/crtp/radiodriver.py", line 188, in connect
    address)
  File "/home/taste/.local/lib/python3.5/site-packages/cflib/crtp/radiodriver.py", line 98, in __init__
    _RadioManager._radios[self._devid] = _SharedRadio(self._devid)
  File "/home/taste/.local/lib/python3.5/site-packages/cflib/crtp/radiodriver.py", line 67, in __init__
    self.radio = Crazyradio(devid=devid)
  File "/home/taste/.local/lib/python3.5/site-packages/cflib/drivers/crazyradio.py", line 121, in __init__
    raise Exception('Cannot find a Crazyradio Dongle')
Exception: Cannot find a Crazyradio Dongle

Connecting to radio://0/81/250K
Connection to radio://0/81/250K failed: Couldn't load link driver: Cannot find a Crazyradio Dongle

Traceback (most recent call last):
  File "/home/taste/.local/lib/python3.5/site-packages/cflib/drivers/crazyradio.py", line 119, in __init__
    device = _find_devices()[devid]
IndexError: list index out of range

During handling of the above exception, another exception occurred:

Traceback (most recent call last):
  File "/home/taste/.local/lib/python3.5/site-packages/cflib/crazyflie/__init__.py", line 218, in open_link
    link_uri, self._link_quality_cb, self._link_error_cb)
  File "/home/taste/.local/lib/python3.5/site-packages/cflib/crtp/__init__.py", line 91, in get_link_driver
    instance.connect(uri, link_quality_callback, link_error_callback)
  File "/home/taste/.local/lib/python3.5/site-packages/cflib/crtp/radiodriver.py", line 188, in connect
    address)
  File "/home/taste/.local/lib/python3.5/site-packages/cflib/crtp/radiodriver.py", line 98, in __init__
    _RadioManager._radios[self._devid] = _SharedRadio(self._devid)
  File "/home/taste/.local/lib/python3.5/site-packages/cflib/crtp/radiodriver.py", line 67, in __init__
    self.radio = Crazyradio(devid=devid)
  File "/home/taste/.local/lib/python3.5/site-packages/cflib/drivers/crazyradio.py", line 121, in __init__
    raise Exception('Cannot find a Crazyradio Dongle')
Exception: Cannot find a Crazyradio Dongle

disconnected 1
Traceback (most recent call last):
  File "/home/taste/.local/lib/python3.5/site-packages/cflib/drivers/crazyradio.py", line 119, in __init__
    device = _find_devices()[devid]
IndexError: list index out of range

During handling of the above exception, another exception occurred:

Traceback (most recent call last):
  File "/home/taste/.local/lib/python3.5/site-packages/cflib/crazyflie/__init__.py", line 218, in open_link
    link_uri, self._link_quality_cb, self._link_error_cb)
  File "/home/taste/.local/lib/python3.5/site-packages/cflib/crtp/__init__.py", line 91, in get_link_driver
    instance.connect(uri, link_quality_callback, link_error_callback)
  File "/home/taste/.local/lib/python3.5/site-packages/cflib/crtp/radiodriver.py", line 188, in connect
    address)
  File "/home/taste/.local/lib/python3.5/site-packages/cflib/crtp/radiodriver.py", line 98, in __init__
    _RadioManager._radios[self._devid] = _SharedRadio(self._devid)
  File "/home/taste/.local/lib/python3.5/site-packages/cflib/crtp/radiodriver.py", line 67, in __init__
    self.radio = Crazyradio(devid=devid)
  File "/home/taste/.local/lib/python3.5/site-packages/cflib/drivers/crazyradio.py", line 121, in __init__
    raise Exception('Cannot find a Crazyradio Dongle')
Exception: Cannot find a Crazyradio Dongle

During handling of the above exception, another exception occurred:

Traceback (most recent call last):
  File "/home/taste/Documents/FlyingTasters/PythonSocketServer/myBasiclogAndRampWithSocketServerC.py", line 165, in <module>
    le = LoggingExample("radio://0/81/250K",socket= mySocket)
  File "/home/taste/Documents/FlyingTasters/PythonSocketServer/myBasiclogAndRampWithSocketServerC.py", line 65, in __init__
    self._cf.open_link(link_uri)
  File "/home/taste/.local/lib/python3.5/site-packages/cflib/crazyflie/__init__.py", line 244, in open_link
    self.connection_failed.call(link_uri, exception_text)
  File "/home/taste/.local/lib/python3.5/site-packages/cflib/utils/callbacks.py", line 54, in call
    cb(*args)
  File "/home/taste/Documents/FlyingTasters/PythonSocketServer/myBasiclogAndRampWithSocketServerC.py", line 129, in _connection_failed
    self._socket.close()
AttributeError: 'LoggingExample' object has no attribute '_socket'
end of runSocketServer script
/home/taste/Documents/FlyingTasters/PythonSocketServer/runSocketServer.sh: line 3: activate: No such file or directory
ERROR:cflib.crazyflie:Couldn't load link driver: Cannot find a Crazyradio Dongle

Traceback (most recent call last):
  File "/home/taste/.local/lib/python3.5/site-packages/cflib/drivers/crazyradio.py", line 119, in __init__
    device = _find_devices()[devid]
IndexError: list index out of range

During handling of the above exception, another exception occurred:

Traceback (most recent call last):
  File "/home/taste/.local/lib/python3.5/site-packages/cflib/crazyflie/__init__.py", line 218, in open_link
    link_uri, self._link_quality_cb, self._link_error_cb)
  File "/home/taste/.local/lib/python3.5/site-packages/cflib/crtp/__init__.py", line 91, in get_link_driver
    instance.connect(uri, link_quality_callback, link_error_callback)
  File "/home/taste/.local/lib/python3.5/site-packages/cflib/crtp/radiodriver.py", line 188, in connect
    address)
  File "/home/taste/.local/lib/python3.5/site-packages/cflib/crtp/radiodriver.py", line 98, in __init__
    _RadioManager._radios[self._devid] = _SharedRadio(self._devid)
  File "/home/taste/.local/lib/python3.5/site-packages/cflib/crtp/radiodriver.py", line 67, in __init__
    self.radio = Crazyradio(devid=devid)
  File "/home/taste/.local/lib/python3.5/site-packages/cflib/drivers/crazyradio.py", line 121, in __init__
    raise Exception('Cannot find a Crazyradio Dongle')
Exception: Cannot find a Crazyradio Dongle

Connecting to radio://0/81/250K
Connection to radio://0/81/250K failed: Couldn't load link driver: Cannot find a Crazyradio Dongle

Traceback (most recent call last):
  File "/home/taste/.local/lib/python3.5/site-packages/cflib/drivers/crazyradio.py", line 119, in __init__
    device = _find_devices()[devid]
IndexError: list index out of range

During handling of the above exception, another exception occurred:

Traceback (most recent call last):
  File "/home/taste/.local/lib/python3.5/site-packages/cflib/crazyflie/__init__.py", line 218, in open_link
    link_uri, self._link_quality_cb, self._link_error_cb)
  File "/home/taste/.local/lib/python3.5/site-packages/cflib/crtp/__init__.py", line 91, in get_link_driver
    instance.connect(uri, link_quality_callback, link_error_callback)
  File "/home/taste/.local/lib/python3.5/site-packages/cflib/crtp/radiodriver.py", line 188, in connect
    address)
  File "/home/taste/.local/lib/python3.5/site-packages/cflib/crtp/radiodriver.py", line 98, in __init__
    _RadioManager._radios[self._devid] = _SharedRadio(self._devid)
  File "/home/taste/.local/lib/python3.5/site-packages/cflib/crtp/radiodriver.py", line 67, in __init__
    self.radio = Crazyradio(devid=devid)
  File "/home/taste/.local/lib/python3.5/site-packages/cflib/drivers/crazyradio.py", line 121, in __init__
    raise Exception('Cannot find a Crazyradio Dongle')
Exception: Cannot find a Crazyradio Dongle

disconnected 1
Traceback (most recent call last):
  File "/home/taste/.local/lib/python3.5/site-packages/cflib/drivers/crazyradio.py", line 119, in __init__
    device = _find_devices()[devid]
IndexError: list index out of range

During handling of the above exception, another exception occurred:

Traceback (most recent call last):
  File "/home/taste/.local/lib/python3.5/site-packages/cflib/crazyflie/__init__.py", line 218, in open_link
    link_uri, self._link_quality_cb, self._link_error_cb)
  File "/home/taste/.local/lib/python3.5/site-packages/cflib/crtp/__init__.py", line 91, in get_link_driver
    instance.connect(uri, link_quality_callback, link_error_callback)
  File "/home/taste/.local/lib/python3.5/site-packages/cflib/crtp/radiodriver.py", line 188, in connect
    address)
  File "/home/taste/.local/lib/python3.5/site-packages/cflib/crtp/radiodriver.py", line 98, in __init__
    _RadioManager._radios[self._devid] = _SharedRadio(self._devid)
  File "/home/taste/.local/lib/python3.5/site-packages/cflib/crtp/radiodriver.py", line 67, in __init__
    self.radio = Crazyradio(devid=devid)
  File "/home/taste/.local/lib/python3.5/site-packages/cflib/drivers/crazyradio.py", line 121, in __init__
    raise Exception('Cannot find a Crazyradio Dongle')
Exception: Cannot find a Crazyradio Dongle

During handling of the above exception, another exception occurred:

Traceback (most recent call last):
  File "/home/taste/Documents/FlyingTasters/PythonSocketServer/myBasiclogAndRampWithSocketServerC.py", line 165, in <module>
    le = LoggingExample("radio://0/81/250K",socket= mySocket)
  File "/home/taste/Documents/FlyingTasters/PythonSocketServer/myBasiclogAndRampWithSocketServerC.py", line 65, in __init__
    self._cf.open_link(link_uri)
  File "/home/taste/.local/lib/python3.5/site-packages/cflib/crazyflie/__init__.py", line 244, in open_link
    self.connection_failed.call(link_uri, exception_text)
  File "/home/taste/.local/lib/python3.5/site-packages/cflib/utils/callbacks.py", line 54, in call
    cb(*args)
  File "/home/taste/Documents/FlyingTasters/PythonSocketServer/myBasiclogAndRampWithSocketServerC.py", line 129, in _connection_failed
    self._socket.close()
AttributeError: 'LoggingExample' object has no attribute '_socket'
end of runSocketServer script
/home/taste/Documents/FlyingTasters/PythonSocketServer/runSocketServer.sh: line 3: activate: No such file or directory
/home/taste/Documents/FlyingTasters/PythonSocketServer/runSocketServer.sh: line 3: activate: No such file or directory
Traceback (most recent call last):
  File "/home/taste/Documents/FlyingTasters/PythonSocketServer/myBasiclogAndRampWithSocketServerC.py", line 161, in <module>
    mySocket.bind((HOST, PORT))
OSError: [Errno 98] Address already in use
end of runSocketServer script
Connecting to radio://0/83/250K
mySocket.listen(1)
conn, addr = mySocket.accept()
Connected to radio://0/83/250K
socket <socket.socket fd=3, family=AddressFamily.AF_INET, type=SocketKind.SOCK_STREAM, proto=0, laddr=('0.0.0.0', 50007)>
[4331755][Stabilizer]: {'stabilizer.roll': 0.5099502801895142, 'stabilizer.pitch': 0.06706053018569946, 'stabilizer.yaw': 123.50041198730469}
[4332755][Stabilizer]: {'stabilizer.roll': 0.5190591812133789, 'stabilizer.pitch': 0.07154212892055511, 'stabilizer.yaw': 123.31574249267578}
[4333755][Stabilizer]: {'stabilizer.roll': 0.5167746543884277, 'stabilizer.pitch': 0.07415936142206192, 'stabilizer.yaw': 123.11893463134766}
[4334755][Stabilizer]: {'stabilizer.roll': 0.5207651853561401, 'stabilizer.pitch': 0.06560662388801575, 'stabilizer.yaw': 122.9195556640625}
[4335755][Stabilizer]: {'stabilizer.roll': 0.5150229930877686, 'stabilizer.pitch': 0.06604442000389099, 'stabilizer.yaw': 122.73881530761719}
[4336755][Stabilizer]: {'stabilizer.roll': 0.5280534625053406, 'stabilizer.pitch': 0.07215055078268051, 'stabilizer.yaw': 122.55068969726562}
[4337755][Stabilizer]: {'stabilizer.roll': 0.5240972638130188, 'stabilizer.pitch': 0.0846937820315361, 'stabilizer.yaw': 122.35824584960938}
[4338755][Stabilizer]: {'stabilizer.roll': 0.5231863260269165, 'stabilizer.pitch': 0.08091723918914795, 'stabilizer.yaw': 122.18323516845703}
[4339755][Stabilizer]: {'stabilizer.roll': 0.5308033227920532, 'stabilizer.pitch': 0.07033573091030121, 'stabilizer.yaw': 121.9935073852539}
[4340755][Stabilizer]: {'stabilizer.roll': 0.5286208987236023, 'stabilizer.pitch': 0.06934929639101028, 'stabilizer.yaw': 121.80107116699219}
[4341755][Stabilizer]: {'stabilizer.roll': 0.5323141813278198, 'stabilizer.pitch': 0.07397770881652832, 'stabilizer.yaw': 121.61405181884766}
[4342755][Stabilizer]: {'stabilizer.roll': 0.5403410196304321, 'stabilizer.pitch': 0.07430461049079895, 'stabilizer.yaw': 121.42133331298828}
[4343755][Stabilizer]: {'stabilizer.roll': 0.5379335880279541, 'stabilizer.pitch': 0.07726640999317169, 'stabilizer.yaw': 121.23747253417969}
[4344755][Stabilizer]: {'stabilizer.roll': 0.5417938232421875, 'stabilizer.pitch': 0.08540516346693039, 'stabilizer.yaw': 121.05461120605469}
[4345755][Stabilizer]: {'stabilizer.roll': 0.5349202752113342, 'stabilizer.pitch': 0.07467342168092728, 'stabilizer.yaw': 120.86355590820312}
[4346755][Stabilizer]: {'stabilizer.roll': 0.5349216461181641, 'stabilizer.pitch': 0.05747430399060249, 'stabilizer.yaw': 120.67684173583984}
[4347755][Stabilizer]: {'stabilizer.roll': 0.5411104559898376, 'stabilizer.pitch': 0.06551577150821686, 'stabilizer.yaw': 120.4931411743164}
[4348755][Stabilizer]: {'stabilizer.roll': 0.5337942242622375, 'stabilizer.pitch': 0.07496580481529236, 'stabilizer.yaw': 120.3127670288086}
[4349755][Stabilizer]: {'stabilizer.roll': 0.5400303602218628, 'stabilizer.pitch': 0.07413201779127121, 'stabilizer.yaw': 120.1247329711914}
[4350755][Stabilizer]: {'stabilizer.roll': 0.5374217629432678, 'stabilizer.pitch': 0.06568741798400879, 'stabilizer.yaw': 119.94110107421875}
[4351755][Stabilizer]: {'stabilizer.roll': 0.5323600172996521, 'stabilizer.pitch': 0.06436415016651154, 'stabilizer.yaw': 119.7503433227539}
[4352755][Stabilizer]: {'stabilizer.roll': 0.5288175344467163, 'stabilizer.pitch': 0.06871089339256287, 'stabilizer.yaw': 119.55451202392578}
[4353755][Stabilizer]: {'stabilizer.roll': 0.5263140201568604, 'stabilizer.pitch': 0.0550491064786911, 'stabilizer.yaw': 119.36678314208984}
[4354755][Stabilizer]: {'stabilizer.roll': 0.5221580266952515, 'stabilizer.pitch': 0.049478642642498016, 'stabilizer.yaw': 119.17851257324219}
[4355755][Stabilizer]: {'stabilizer.roll': 0.5233348608016968, 'stabilizer.pitch': 0.05485698953270912, 'stabilizer.yaw': 118.99700164794922}
[4356755][Stabilizer]: {'stabilizer.roll': 0.5294855237007141, 'stabilizer.pitch': 0.04842569679021835, 'stabilizer.yaw': 118.8074722290039}
[4357755][Stabilizer]: {'stabilizer.roll': 0.5305978655815125, 'stabilizer.pitch': 0.059167493134737015, 'stabilizer.yaw': 118.61886596679688}
[4358755][Stabilizer]: {'stabilizer.roll': 0.5233849287033081, 'stabilizer.pitch': 0.06318396329879761, 'stabilizer.yaw': 118.41999053955078}
[4359755][Stabilizer]: {'stabilizer.roll': 0.5300822854042053, 'stabilizer.pitch': 0.06751827895641327, 'stabilizer.yaw': 118.22516632080078}
[4360755][Stabilizer]: {'stabilizer.roll': 0.5271400809288025, 'stabilizer.pitch': 0.06121591106057167, 'stabilizer.yaw': 118.03164672851562}
[4361755][Stabilizer]: {'stabilizer.roll': 0.5279844403266907, 'stabilizer.pitch': 0.06807523220777512, 'stabilizer.yaw': 117.8459243774414}
[4362755][Stabilizer]: {'stabilizer.roll': 0.536383867263794, 'stabilizer.pitch': 0.07089018821716309, 'stabilizer.yaw': 117.6552505493164}
[4363755][Stabilizer]: {'stabilizer.roll': 0.5346274375915527, 'stabilizer.pitch': 0.07207727432250977, 'stabilizer.yaw': 117.47100067138672}
[4364755][Stabilizer]: {'stabilizer.roll': 0.5323569774627686, 'stabilizer.pitch': 0.07544770836830139, 'stabilizer.yaw': 117.27762603759766}
[4365755][Stabilizer]: {'stabilizer.roll': 0.5304775834083557, 'stabilizer.pitch': 0.08084595203399658, 'stabilizer.yaw': 117.09040069580078}
[4366755][Stabilizer]: {'stabilizer.roll': 0.5352122783660889, 'stabilizer.pitch': 0.09223566949367523, 'stabilizer.yaw': 116.89144134521484}
[4367755][Stabilizer]: {'stabilizer.roll': 0.5502397418022156, 'stabilizer.pitch': 0.0855230987071991, 'stabilizer.yaw': 116.70629119873047}
[4368755][Stabilizer]: {'stabilizer.roll': 0.5423712134361267, 'stabilizer.pitch': 0.07768219709396362, 'stabilizer.yaw': 116.51067352294922}
[4369755][Stabilizer]: {'stabilizer.roll': 0.5494309067726135, 'stabilizer.pitch': 0.07646108418703079, 'stabilizer.yaw': 116.30960845947266}
[4370755][Stabilizer]: {'stabilizer.roll': 0.540007472038269, 'stabilizer.pitch': 0.06985075026750565, 'stabilizer.yaw': 116.12824249267578}
[4371755][Stabilizer]: {'stabilizer.roll': 0.5436606407165527, 'stabilizer.pitch': 0.06783217191696167, 'stabilizer.yaw': 115.9456558227539}
[4372755][Stabilizer]: {'stabilizer.roll': 0.5465678572654724, 'stabilizer.pitch': 0.0645504742860794, 'stabilizer.yaw': 115.75833129882812}
[4373755][Stabilizer]: {'stabilizer.roll': 0.5553010702133179, 'stabilizer.pitch': 0.06800685077905655, 'stabilizer.yaw': 115.56816864013672}
[4374755][Stabilizer]: {'stabilizer.roll': 0.5508096814155579, 'stabilizer.pitch': 0.06678320467472076, 'stabilizer.yaw': 115.38480377197266}
[4375755][Stabilizer]: {'stabilizer.roll': 0.5416312217712402, 'stabilizer.pitch': 0.06049813702702522, 'stabilizer.yaw': 115.19679260253906}
[4376755][Stabilizer]: {'stabilizer.roll': 0.5469868779182434, 'stabilizer.pitch': 0.05611075088381767, 'stabilizer.yaw': 115.01204681396484}
[4377755][Stabilizer]: {'stabilizer.roll': 0.5363327264785767, 'stabilizer.pitch': 0.04818543791770935, 'stabilizer.yaw': 114.82414245605469}
[4378755][Stabilizer]: {'stabilizer.roll': 0.5417464375495911, 'stabilizer.pitch': 0.05254935845732689, 'stabilizer.yaw': 114.63819122314453}
[4379755][Stabilizer]: {'stabilizer.roll': 0.5345795750617981, 'stabilizer.pitch': 0.05834446847438812, 'stabilizer.yaw': 114.45501708984375}
[4380755][Stabilizer]: {'stabilizer.roll': 0.5354443788528442, 'stabilizer.pitch': 0.05860826373100281, 'stabilizer.yaw': 114.25796508789062}
[4381755][Stabilizer]: {'stabilizer.roll': 0.528946578502655, 'stabilizer.pitch': 0.06292365491390228, 'stabilizer.yaw': 114.07209014892578}
[4382755][Stabilizer]: {'stabilizer.roll': 0.5294685959815979, 'stabilizer.pitch': 0.06046166643500328, 'stabilizer.yaw': 113.885498046875}
[4383755][Stabilizer]: {'stabilizer.roll': 0.5442121028900146, 'stabilizer.pitch': 0.05500715970993042, 'stabilizer.yaw': 113.70574951171875}
[4384755][Stabilizer]: {'stabilizer.roll': 0.5490736365318298, 'stabilizer.pitch': 0.051398105919361115, 'stabilizer.yaw': 113.51848602294922}
[4385755][Stabilizer]: {'stabilizer.roll': 0.5473090410232544, 'stabilizer.pitch': 0.054440513253211975, 'stabilizer.yaw': 113.33601379394531}
[4386755][Stabilizer]: {'stabilizer.roll': 0.5524054169654846, 'stabilizer.pitch': 0.049527157098054886, 'stabilizer.yaw': 113.15565490722656}
[4387755][Stabilizer]: {'stabilizer.roll': 0.5489906072616577, 'stabilizer.pitch': 0.049426183104515076, 'stabilizer.yaw': 112.9675521850586}/home/taste/Documents/FlyingTasters/PythonSocketServer/runSocketServer.sh: line 3: activate: No such file or directory
Traceback (most recent call last):
  File "/home/taste/Documents/FlyingTasters/PythonSocketServer/myBasiclogAndRampWithSocketServerC.py", line 161, in <module>
    mySocket.bind((HOST, PORT))
OSError: [Errno 98] Address already in use
end of runSocketServer script

[4388755][Stabilizer]: {'stabilizer.roll': 0.5553503036499023, 'stabilizer.pitch': 0.04786884784698486, 'stabilizer.yaw': 112.78099060058594}
[4389755][Stabilizer]: {'stabilizer.roll': 0.557416558265686, 'stabilizer.pitch': 0.05680049583315849, 'stabilizer.yaw': 112.58638000488281}
[4390755][Stabilizer]: {'stabilizer.roll': 0.556186854839325, 'stabilizer.pitch': 0.052309900522232056, 'stabilizer.yaw': 112.39205169677734}
[4391755][Stabilizer]: {'stabilizer.roll': 0.5560041666030884, 'stabilizer.pitch': 0.05628441274166107, 'stabilizer.yaw': 112.21184539794922}
[4392755][Stabilizer]: {'stabilizer.roll': 0.5420591831207275, 'stabilizer.pitch': 0.06732647120952606, 'stabilizer.yaw': 112.02155303955078}
[4393755][Stabilizer]: {'stabilizer.roll': 0.5366414189338684, 'stabilizer.pitch': 0.06526302546262741, 'stabilizer.yaw': 111.84088134765625}
[4394755][Stabilizer]: {'stabilizer.roll': 0.5426516532897949, 'stabilizer.pitch': 0.07321996986865997, 'stabilizer.yaw': 111.64497375488281}
[4395755][Stabilizer]: {'stabilizer.roll': 0.5449073314666748, 'stabilizer.pitch': 0.07958804816007614, 'stabilizer.yaw': 111.45744323730469}
[4396755][Stabilizer]: {'stabilizer.roll': 0.5487291216850281, 'stabilizer.pitch': 0.08611776679754257, 'stabilizer.yaw': 111.27581787109375}
[4397755][Stabilizer]: {'stabilizer.roll': 0.5491929650306702, 'stabilizer.pitch': 0.08485187590122223, 'stabilizer.yaw': 111.09523010253906}
[4398755][Stabilizer]: {'stabilizer.roll': 0.5442435145378113, 'stabilizer.pitch': 0.08198811113834381, 'stabilizer.yaw': 110.91390228271484}
[4399755][Stabilizer]: {'stabilizer.roll': 0.5403844714164734, 'stabilizer.pitch': 0.09014952182769775, 'stabilizer.yaw': 110.72899627685547}
[4400755][Stabilizer]: {'stabilizer.roll': 0.5455806851387024, 'stabilizer.pitch': 0.08493594080209732, 'stabilizer.yaw': 110.54376220703125}
[4401755][Stabilizer]: {'stabilizer.roll': 0.5421920418739319, 'stabilizer.pitch': 0.07834668457508087, 'stabilizer.yaw': 110.35758972167969}
[4402755][Stabilizer]: {'stabilizer.roll': 0.5407295227050781, 'stabilizer.pitch': 0.07906635105609894, 'stabilizer.yaw': 110.16773986816406}
[4403755][Stabilizer]: {'stabilizer.roll': 0.5329225063323975, 'stabilizer.pitch': 0.08051902800798416, 'stabilizer.yaw': 109.97499084472656}
[4404755][Stabilizer]: {'stabilizer.roll': 0.525249183177948, 'stabilizer.pitch': 0.0887468010187149, 'stabilizer.yaw': 109.79498291015625}
[4405755][Stabilizer]: {'stabilizer.roll': 0.5407916903495789, 'stabilizer.pitch': 0.08493305742740631, 'stabilizer.yaw': 109.59762573242188}
[4406755][Stabilizer]: {'stabilizer.roll': 0.5425763130187988, 'stabilizer.pitch': 0.0789383202791214, 'stabilizer.yaw': 109.40856170654297}
[4407755][Stabilizer]: {'stabilizer.roll': 0.5463733077049255, 'stabilizer.pitch': 0.07233478873968124, 'stabilizer.yaw': 109.2309341430664}
[4408755][Stabilizer]: {'stabilizer.roll': 0.5531917214393616, 'stabilizer.pitch': 0.07137347012758255, 'stabilizer.yaw': 109.03545379638672}
[4409755][Stabilizer]: {'stabilizer.roll': 0.5574184060096741, 'stabilizer.pitch': 0.08276639878749847, 'stabilizer.yaw': 108.83670043945312}
[4410755][Stabilizer]: {'stabilizer.roll': 0.5449345707893372, 'stabilizer.pitch': 0.08204324543476105, 'stabilizer.yaw': 108.6404037475586}
[4411755][Stabilizer]: {'stabilizer.roll': 0.5462409257888794, 'stabilizer.pitch': 0.08987752348184586, 'stabilizer.yaw': 108.45497131347656}
[4412755][Stabilizer]: {'stabilizer.roll': 0.5423116683959961, 'stabilizer.pitch': 0.0829368531703949, 'stabilizer.yaw': 108.25738525390625}
[4413755][Stabilizer]: {'stabilizer.roll': 0.5341650247573853, 'stabilizer.pitch': 0.09072617441415787, 'stabilizer.yaw': 108.07183837890625}
[4414755][Stabilizer]: {'stabilizer.roll': 0.5355122685432434, 'stabilizer.pitch': 0.09212622791528702, 'stabilizer.yaw': 107.88380432128906}
[4415755][Stabilizer]: {'stabilizer.roll': 0.5341193079948425, 'stabilizer.pitch': 0.08688615262508392, 'stabilizer.yaw': 107.69171905517578}
[4416755][Stabilizer]: {'stabilizer.roll': 0.5256601572036743, 'stabilizer.pitch': 0.08460846543312073, 'stabilizer.yaw': 107.5000991821289}
[4417755][Stabilizer]: {'stabilizer.roll': 0.533561110496521, 'stabilizer.pitch': 0.07870776951313019, 'stabilizer.yaw': 107.3149642944336}
[4418755][Stabilizer]: {'stabilizer.roll': 0.5348635911941528, 'stabilizer.pitch': 0.08219175040721893, 'stabilizer.yaw': 107.12407684326172}
[4419755][Stabilizer]: {'stabilizer.roll': 0.5357810258865356, 'stabilizer.pitch': 0.078920379281044, 'stabilizer.yaw': 106.94306182861328}
[4420755][Stabilizer]: {'stabilizer.roll': 0.5436069965362549, 'stabilizer.pitch': 0.07304992526769638, 'stabilizer.yaw': 106.75548553466797}
[4421755][Stabilizer]: {'stabilizer.roll': 0.5319575667381287, 'stabilizer.pitch': 0.06541790068149567, 'stabilizer.yaw': 106.57318115234375}
[4422755][Stabilizer]: {'stabilizer.roll': 0.5384219884872437, 'stabilizer.pitch': 0.06999313086271286, 'stabilizer.yaw': 106.38011932373047}
[4423755][Stabilizer]: {'stabilizer.roll': 0.5353365540504456, 'stabilizer.pitch': 0.07154956459999084, 'stabilizer.yaw': 106.18794250488281}
[4424755][Stabilizer]: {'stabilizer.roll': 0.5316487550735474, 'stabilizer.pitch': 0.07526668906211853, 'stabilizer.yaw': 106.00764465332031}
[4425755][Stabilizer]: {'stabilizer.roll': 0.537281334400177, 'stabilizer.pitch': 0.07554315030574799, 'stabilizer.yaw': 105.81367492675781}
[4426755][Stabilizer]: {'stabilizer.roll': 0.5308446288108826, 'stabilizer.pitch': 0.07742973417043686, 'stabilizer.yaw': 105.61734008789062}
[4427755][Stabilizer]: {'stabilizer.roll': 0.5188719630241394, 'stabilizer.pitch': 0.0846630111336708, 'stabilizer.yaw': 105.42893981933594}
[4428755][Stabilizer]: {'stabilizer.roll': 0.5263370275497437, 'stabilizer.pitch': 0.09156776964664459, 'stabilizer.yaw': 105.23522186279297}
[4429755][Stabilizer]: {'stabilizer.roll': 0.5299071073532104, 'stabilizer.pitch': 0.09199543297290802, 'stabilizer.yaw': 105.04182434082031}
[4430755][Stabilizer]: {'stabilizer.roll': 0.526313304901123, 'stabilizer.pitch': 0.08783216774463654, 'stabilizer.yaw': 104.84921264648438}
[4431755][Stabilizer]: {'stabilizer.roll': 0.5273173451423645, 'stabilizer.pitch': 0.08452238142490387, 'stabilizer.yaw': 104.66346740722656}
[4432755][Stabilizer]: {'stabilizer.roll': 0.5404013991355896, 'stabilizer.pitch': 0.08526284247636795, 'stabilizer.yaw': 104.47913360595703}
[4433755][Stabilizer]: {'stabilizer.roll': 0.5424587726593018, 'stabilizer.pitch': 0.08922845125198364, 'stabilizer.yaw': 104.29137420654297}
[4434755][Stabilizer]: {'stabilizer.roll': 0.5342649817466736, 'stabilizer.pitch': 0.09286857396364212, 'stabilizer.yaw': 104.09124755859375}
[4435755][Stabilizer]: {'stabilizer.roll': 0.5296992659568787, 'stabilizer.pitch': 0.08811917901039124, 'stabilizer.yaw': 103.90983581542969}
[4436755][Stabilizer]: {'stabilizer.roll': 0.5342228412628174, 'stabilizer.pitch': 0.08948814868927002, 'stabilizer.yaw': 103.7137451171875}
[4437755][Stabilizer]: {'stabilizer.roll': 0.5257569551467896, 'stabilizer.pitch': 0.09134068340063095, 'stabilizer.yaw': 103.52399444580078}
[4438755][Stabilizer]: {'stabilizer.roll': 0.5243496894836426, 'stabilizer.pitch': 0.08717720955610275, 'stabilizer.yaw': 103.3237075805664}
[4439755][Stabilizer]: {'stabilizer.roll': 0.5276877880096436, 'stabilizer.pitch': 0.08707627654075623, 'stabilizer.yaw': 103.13179779052734}
[4440755][Stabilizer]: {'stabilizer.roll': 0.5303362011909485, 'stabilizer.pitch': 0.07851678133010864, 'stabilizer.yaw': 102.93651580810547}
[4441755][Stabilizer]: {'stabilizer.roll': 0.5393940806388855, 'stabilizer.pitch': 0.08212469518184662, 'stabilizer.yaw': 102.7494888305664}
[4442755][Stabilizer]: {'stabilizer.roll': 0.5346198678016663, 'stabilizer.pitch': 0.07579180598258972, 'stabilizer.yaw': 102.56382751464844}
[4443755][Stabilizer]: {'stabilizer.roll': 0.5253132581710815, 'stabilizer.pitch': 0.07773543149232864, 'stabilizer.yaw': 102.37298583984375}
[4444755][Stabilizer]: {'stabilizer.roll': 0.5256215333938599, 'stabilizer.pitch': 0.07635901123285294, 'stabilizer.yaw': 102.19300079345703}
[4445755][Stabilizer]: {'stabilizer.roll': 0.5336571335792542, 'stabilizer.pitch': 0.08979178965091705, 'stabilizer.yaw': 101.99642944335938}/home/taste/Documents/FlyingTasters/PythonSocketServer/runSocketServer.sh: line 3: activate: No such file or directory
Traceback (most recent call last):
  File "/home/taste/Documents/FlyingTasters/PythonSocketServer/myBasiclogAndRampWithSocketServerC.py", line 161, in <module>
    mySocket.bind((HOST, PORT))
OSError: [Errno 98] Address already in use
end of runSocketServer script

[4446755][Stabilizer]: {'stabilizer.roll': 0.5242469310760498, 'stabilizer.pitch': 0.095354363322258, 'stabilizer.yaw': 101.80289459228516}
[4447755][Stabilizer]: {'stabilizer.roll': 0.523801863193512, 'stabilizer.pitch': 0.09744923561811447, 'stabilizer.yaw': 101.6190185546875}
[4448755][Stabilizer]: {'stabilizer.roll': 0.5236955285072327, 'stabilizer.pitch': 0.098136305809021, 'stabilizer.yaw': 101.4334945678711}
[4449755][Stabilizer]: {'stabilizer.roll': 0.5221996307373047, 'stabilizer.pitch': 0.10221682488918304, 'stabilizer.yaw': 101.24898529052734}
[4450755][Stabilizer]: {'stabilizer.roll': 0.5183920860290527, 'stabilizer.pitch': 0.09464361518621445, 'stabilizer.yaw': 101.04905700683594}
[4451755][Stabilizer]: {'stabilizer.roll': 0.5179446935653687, 'stabilizer.pitch': 0.09801585227251053, 'stabilizer.yaw': 100.8604507446289}
[4452755][Stabilizer]: {'stabilizer.roll': 0.5218513607978821, 'stabilizer.pitch': 0.10474248230457306, 'stabilizer.yaw': 100.67294311523438}
[4453755][Stabilizer]: {'stabilizer.roll': 0.5189099311828613, 'stabilizer.pitch': 0.0996125191450119, 'stabilizer.yaw': 100.48072814941406}
[4454755][Stabilizer]: {'stabilizer.roll': 0.5187711119651794, 'stabilizer.pitch': 0.10035195201635361, 'stabilizer.yaw': 100.29180145263672}
[4455755][Stabilizer]: {'stabilizer.roll': 0.514691174030304, 'stabilizer.pitch': 0.0931733176112175, 'stabilizer.yaw': 100.0986328125}
[4456755][Stabilizer]: {'stabilizer.roll': 0.5083842277526855, 'stabilizer.pitch': 0.09941208362579346, 'stabilizer.yaw': 99.91118621826172}
[4457755][Stabilizer]: {'stabilizer.roll': 0.5085777044296265, 'stabilizer.pitch': 0.10030221939086914, 'stabilizer.yaw': 99.70022583007812}
[4458755][Stabilizer]: {'stabilizer.roll': 0.507294774055481, 'stabilizer.pitch': 0.08666364848613739, 'stabilizer.yaw': 99.51011657714844}
[4459755][Stabilizer]: {'stabilizer.roll': 0.512296199798584, 'stabilizer.pitch': 0.08176428079605103, 'stabilizer.yaw': 99.3120346069336}
[4460755][Stabilizer]: {'stabilizer.roll': 0.5118597149848938, 'stabilizer.pitch': 0.08679509907960892, 'stabilizer.yaw': 99.11518859863281}
[4461755][Stabilizer]: {'stabilizer.roll': 0.5029293298721313, 'stabilizer.pitch': 0.08845829218626022, 'stabilizer.yaw': 98.93075561523438}
[4462755][Stabilizer]: {'stabilizer.roll': 0.5034748315811157, 'stabilizer.pitch': 0.08819021284580231, 'stabilizer.yaw': 98.73797607421875}
[4463755][Stabilizer]: {'stabilizer.roll': 0.5070326924324036, 'stabilizer.pitch': 0.09355668723583221, 'stabilizer.yaw': 98.55812072753906}
[4464755][Stabilizer]: {'stabilizer.roll': 0.5054775476455688, 'stabilizer.pitch': 0.09687447547912598, 'stabilizer.yaw': 98.36740112304688}
[4465755][Stabilizer]: {'stabilizer.roll': 0.5070815682411194, 'stabilizer.pitch': 0.09427057206630707, 'stabilizer.yaw': 98.18059539794922}
[4466755][Stabilizer]: {'stabilizer.roll': 0.5101824402809143, 'stabilizer.pitch': 0.09750588983297348, 'stabilizer.yaw': 97.99433898925781}
[4467755][Stabilizer]: {'stabilizer.roll': 0.5139603018760681, 'stabilizer.pitch': 0.09925350546836853, 'stabilizer.yaw': 97.80746459960938}
[4468755][Stabilizer]: {'stabilizer.roll': 0.5166394114494324, 'stabilizer.pitch': 0.08730247616767883, 'stabilizer.yaw': 97.61284637451172}
[4469755][Stabilizer]: {'stabilizer.roll': 0.5214080810546875, 'stabilizer.pitch': 0.08776826411485672, 'stabilizer.yaw': 97.4312973022461}
[4470755][Stabilizer]: {'stabilizer.roll': 0.5309449434280396, 'stabilizer.pitch': 0.09630817919969559, 'stabilizer.yaw': 97.25658416748047}
[4471755][Stabilizer]: {'stabilizer.roll': 0.530876874923706, 'stabilizer.pitch': 0.09948549419641495, 'stabilizer.yaw': 97.07145690917969}
[4472755][Stabilizer]: {'stabilizer.roll': 0.5362527370452881, 'stabilizer.pitch': 0.10002031177282333, 'stabilizer.yaw': 96.88459777832031}
[4473755][Stabilizer]: {'stabilizer.roll': 0.5329919457435608, 'stabilizer.pitch': 0.1068427786231041, 'stabilizer.yaw': 96.69314575195312}
[4474755][Stabilizer]: {'stabilizer.roll': 0.5219040513038635, 'stabilizer.pitch': 0.10086583346128464, 'stabilizer.yaw': 96.50619506835938}
[4475755][Stabilizer]: {'stabilizer.roll': 0.5164095759391785, 'stabilizer.pitch': 0.09829917550086975, 'stabilizer.yaw': 96.31573486328125}
[4476755][Stabilizer]: {'stabilizer.roll': 0.5102065801620483, 'stabilizer.pitch': 0.1054830551147461, 'stabilizer.yaw': 96.13314056396484}
[4477755][Stabilizer]: {'stabilizer.roll': 0.5048823952674866, 'stabilizer.pitch': 0.10517583787441254, 'stabilizer.yaw': 95.94120025634766}
[4478755][Stabilizer]: {'stabilizer.roll': 0.49482405185699463, 'stabilizer.pitch': 0.10375887155532837, 'stabilizer.yaw': 95.74987030029297}
[4479755][Stabilizer]: {'stabilizer.roll': 0.49011072516441345, 'stabilizer.pitch': 0.11781924962997437, 'stabilizer.yaw': 95.56605529785156}
[4480755][Stabilizer]: {'stabilizer.roll': 0.5041926503181458, 'stabilizer.pitch': 0.11312011629343033, 'stabilizer.yaw': 95.36688232421875}
[4481755][Stabilizer]: {'stabilizer.roll': 0.5199706554412842, 'stabilizer.pitch': 0.1116194948554039, 'stabilizer.yaw': 95.18218994140625}
[4482755][Stabilizer]: {'stabilizer.roll': 0.5232177376747131, 'stabilizer.pitch': 0.11169718950986862, 'stabilizer.yaw': 94.99020385742188}
[4483755][Stabilizer]: {'stabilizer.roll': 0.5203403234481812, 'stabilizer.pitch': 0.09678120911121368, 'stabilizer.yaw': 94.79370880126953}
[4484755][Stabilizer]: {'stabilizer.roll': 0.5270612835884094, 'stabilizer.pitch': 0.10480467975139618, 'stabilizer.yaw': 94.60273742675781}
[4485755][Stabilizer]: {'stabilizer.roll': 0.5329230427742004, 'stabilizer.pitch': 0.10586827248334885, 'stabilizer.yaw': 94.40665435791016}
[4486755][Stabilizer]: {'stabilizer.roll': 0.5324761867523193, 'stabilizer.pitch': 0.11385340988636017, 'stabilizer.yaw': 94.22283172607422}
[4487755][Stabilizer]: {'stabilizer.roll': 0.5220262408256531, 'stabilizer.pitch': 0.12211586534976959, 'stabilizer.yaw': 94.03063201904297}
[4488755][Stabilizer]: {'stabilizer.roll': 0.5168578028678894, 'stabilizer.pitch': 0.12102875858545303, 'stabilizer.yaw': 93.84468078613281}
[4489755][Stabilizer]: {'stabilizer.roll': 0.5142353177070618, 'stabilizer.pitch': 0.12114216387271881, 'stabilizer.yaw': 93.65723419189453}
[4490755][Stabilizer]: {'stabilizer.roll': 0.5139082670211792, 'stabilizer.pitch': 0.12210982292890549, 'stabilizer.yaw': 93.46609497070312}
[4491755][Stabilizer]: {'stabilizer.roll': 0.5181149244308472, 'stabilizer.pitch': 0.11527296900749207, 'stabilizer.yaw': 93.28509521484375}
[4492755][Stabilizer]: {'stabilizer.roll': 0.518153190612793, 'stabilizer.pitch': 0.1155269667506218, 'stabilizer.yaw': 93.10248565673828}
[4493755][Stabilizer]: {'stabilizer.roll': 0.5167042016983032, 'stabilizer.pitch': 0.10630989819765091, 'stabilizer.yaw': 92.9195556640625}
[4494755][Stabilizer]: {'stabilizer.roll': 0.5211707353591919, 'stabilizer.pitch': 0.1078137531876564, 'stabilizer.yaw': 92.72779083251953}
[4495755][Stabilizer]: {'stabilizer.roll': 0.5301575660705566, 'stabilizer.pitch': 0.09589187055826187, 'stabilizer.yaw': 92.53866577148438}
[4496755][Stabilizer]: {'stabilizer.roll': 0.5326833128929138, 'stabilizer.pitch': 0.10152982920408249, 'stabilizer.yaw': 92.35311889648438}
[4497755][Stabilizer]: {'stabilizer.roll': 0.5346494913101196, 'stabilizer.pitch': 0.1024930402636528, 'stabilizer.yaw': 92.17292785644531}
[4498755][Stabilizer]: {'stabilizer.roll': 0.5354920625686646, 'stabilizer.pitch': 0.10203257203102112, 'stabilizer.yaw': 91.98941802978516}
[4499755][Stabilizer]: {'stabilizer.roll': 0.5336853265762329, 'stabilizer.pitch': 0.09303207695484161, 'stabilizer.yaw': 91.79489135742188}
[4500755][Stabilizer]: {'stabilizer.roll': 0.539070188999176, 'stabilizer.pitch': 0.09446161985397339, 'stabilizer.yaw': 91.61744689941406}
[4501755][Stabilizer]: {'stabilizer.roll': 0.528178334236145, 'stabilizer.pitch': 0.10819496214389801, 'stabilizer.yaw': 91.4315414428711}
[4502755][Stabilizer]: {'stabilizer.roll': 0.5232338309288025, 'stabilizer.pitch': 0.10137002170085907, 'stabilizer.yaw': 91.25308227539062}
[4503755][Stabilizer]: {'stabilizer.roll': 0.5242970585823059, 'stabilizer.pitch': 0.09770246595144272, 'stabilizer.yaw': 91.07078552246094}
[4504755][Stabilizer]: {'stabilizer.roll': 0.515322744846344, 'stabilizer.pitch': 0.09914202243089676, 'stabilizer.yaw': 90.87865447998047}/home/taste/Documents/FlyingTasters/PythonSocketServer/runSocketServer.sh: line 3: activate: No such file or directory
Traceback (most recent call last):
  File "/home/taste/Documents/FlyingTasters/PythonSocketServer/myBasiclogAndRampWithSocketServerC.py", line 161, in <module>
    mySocket.bind((HOST, PORT))
OSError: [Errno 98] Address already in use
end of runSocketServer script

[4505755][Stabilizer]: {'stabilizer.roll': 0.5177578926086426, 'stabilizer.pitch': 0.09287004917860031, 'stabilizer.yaw': 90.69808959960938}
[4506755][Stabilizer]: {'stabilizer.roll': 0.5170310735702515, 'stabilizer.pitch': 0.10106109827756882, 'stabilizer.yaw': 90.51669311523438}
[4507755][Stabilizer]: {'stabilizer.roll': 0.5082994699478149, 'stabilizer.pitch': 0.10431908816099167, 'stabilizer.yaw': 90.32160949707031}
[4508755][Stabilizer]: {'stabilizer.roll': 0.518565833568573, 'stabilizer.pitch': 0.10376299172639847, 'stabilizer.yaw': 90.13286590576172}
[4509755][Stabilizer]: {'stabilizer.roll': 0.5211488604545593, 'stabilizer.pitch': 0.1027972623705864, 'stabilizer.yaw': 89.94297790527344}
[4510755][Stabilizer]: {'stabilizer.roll': 0.5179537534713745, 'stabilizer.pitch': 0.10591835528612137, 'stabilizer.yaw': 89.75487518310547}
[4511755][Stabilizer]: {'stabilizer.roll': 0.5057096481323242, 'stabilizer.pitch': 0.10209309309720993, 'stabilizer.yaw': 89.56082916259766}
[4512755][Stabilizer]: {'stabilizer.roll': 0.5165063142776489, 'stabilizer.pitch': 0.10691196471452713, 'stabilizer.yaw': 89.37287139892578}
[4513755][Stabilizer]: {'stabilizer.roll': 0.5114527344703674, 'stabilizer.pitch': 0.10934189707040787, 'stabilizer.yaw': 89.1753921508789}
[4514755][Stabilizer]: {'stabilizer.roll': 0.5118721723556519, 'stabilizer.pitch': 0.11678502708673477, 'stabilizer.yaw': 88.99866485595703}
[4515755][Stabilizer]: {'stabilizer.roll': 0.5188687443733215, 'stabilizer.pitch': 0.11745123565196991, 'stabilizer.yaw': 88.82755279541016}
[4516755][Stabilizer]: {'stabilizer.roll': 0.5120812058448792, 'stabilizer.pitch': 0.12634336948394775, 'stabilizer.yaw': 88.63653564453125}
[4517755][Stabilizer]: {'stabilizer.roll': 0.5099415183067322, 'stabilizer.pitch': 0.12221630662679672, 'stabilizer.yaw': 88.45198822021484}
[4518755][Stabilizer]: {'stabilizer.roll': 0.5171576142311096, 'stabilizer.pitch': 0.12019917368888855, 'stabilizer.yaw': 88.26303100585938}
[4519755][Stabilizer]: {'stabilizer.roll': 0.512993574142456, 'stabilizer.pitch': 0.11134176701307297, 'stabilizer.yaw': 88.07599639892578}
[4520755][Stabilizer]: {'stabilizer.roll': 0.5087957382202148, 'stabilizer.pitch': 0.1184779554605484, 'stabilizer.yaw': 87.88421630859375}
[4521755][Stabilizer]: {'stabilizer.roll': 0.5231467485427856, 'stabilizer.pitch': 0.11281765252351761, 'stabilizer.yaw': 87.6966323852539}
[4522755][Stabilizer]: {'stabilizer.roll': 0.5144829750061035, 'stabilizer.pitch': 0.11406894773244858, 'stabilizer.yaw': 87.51303100585938}
[4523755][Stabilizer]: {'stabilizer.roll': 0.5167572498321533, 'stabilizer.pitch': 0.11224982887506485, 'stabilizer.yaw': 87.33019256591797}
[4524755][Stabilizer]: {'stabilizer.roll': 0.516033411026001, 'stabilizer.pitch': 0.10875224322080612, 'stabilizer.yaw': 87.15113067626953}
[4525755][Stabilizer]: {'stabilizer.roll': 0.5148797035217285, 'stabilizer.pitch': 0.11347749084234238, 'stabilizer.yaw': 86.96322631835938}
[4526755][Stabilizer]: {'stabilizer.roll': 0.5091720819473267, 'stabilizer.pitch': 0.11421512812376022, 'stabilizer.yaw': 86.77608489990234}
[4527755][Stabilizer]: {'stabilizer.roll': 0.5037630796432495, 'stabilizer.pitch': 0.12217365205287933, 'stabilizer.yaw': 86.58330535888672}
[4528755][Stabilizer]: {'stabilizer.roll': 0.49694663286209106, 'stabilizer.pitch': 0.12074026465415955, 'stabilizer.yaw': 86.38829803466797}
[4529755][Stabilizer]: {'stabilizer.roll': 0.5048207640647888, 'stabilizer.pitch': 0.12483371049165726, 'stabilizer.yaw': 86.20414733886719}
[4530755][Stabilizer]: {'stabilizer.roll': 0.5085533857345581, 'stabilizer.pitch': 0.11567109823226929, 'stabilizer.yaw': 86.02351379394531}
[4531755][Stabilizer]: {'stabilizer.roll': 0.5092456936836243, 'stabilizer.pitch': 0.11400327831506729, 'stabilizer.yaw': 85.83656311035156}
[4532755][Stabilizer]: {'stabilizer.roll': 0.5224725604057312, 'stabilizer.pitch': 0.10801330208778381, 'stabilizer.yaw': 85.65148162841797}
[4533755][Stabilizer]: {'stabilizer.roll': 0.5223404765129089, 'stabilizer.pitch': 0.10787773877382278, 'stabilizer.yaw': 85.46939086914062}
[4534755][Stabilizer]: {'stabilizer.roll': 0.51200270652771, 'stabilizer.pitch': 0.10596949607133865, 'stabilizer.yaw': 85.28279876708984}
[4535755][Stabilizer]: {'stabilizer.roll': 0.5098697543144226, 'stabilizer.pitch': 0.11297903954982758, 'stabilizer.yaw': 85.0875015258789}
[4536755][Stabilizer]: {'stabilizer.roll': 0.5094160437583923, 'stabilizer.pitch': 0.1042000949382782, 'stabilizer.yaw': 84.91251373291016}
[4537755][Stabilizer]: {'stabilizer.roll': 0.5013285279273987, 'stabilizer.pitch': 0.11298243701457977, 'stabilizer.yaw': 84.73081970214844}
[4538755][Stabilizer]: {'stabilizer.roll': 0.4989672899246216, 'stabilizer.pitch': 0.11114616692066193, 'stabilizer.yaw': 84.54090881347656}
[4539755][Stabilizer]: {'stabilizer.roll': 0.49710938334465027, 'stabilizer.pitch': 0.11386401951313019, 'stabilizer.yaw': 84.34555053710938}
[4540755][Stabilizer]: {'stabilizer.roll': 0.5073655843734741, 'stabilizer.pitch': 0.12106133252382278, 'stabilizer.yaw': 84.16726684570312}
[4541755][Stabilizer]: {'stabilizer.roll': 0.507898211479187, 'stabilizer.pitch': 0.12320472300052643, 'stabilizer.yaw': 83.98019409179688}
[4542755][Stabilizer]: {'stabilizer.roll': 0.4983707666397095, 'stabilizer.pitch': 0.1298232525587082, 'stabilizer.yaw': 83.79471588134766}
[4543755][Stabilizer]: {'stabilizer.roll': 0.49773821234703064, 'stabilizer.pitch': 0.1278148591518402, 'stabilizer.yaw': 83.6161117553711}
[4544755][Stabilizer]: {'stabilizer.roll': 0.5025529265403748, 'stabilizer.pitch': 0.12087537348270416, 'stabilizer.yaw': 83.43888854980469}
[4545755][Stabilizer]: {'stabilizer.roll': 0.5137271285057068, 'stabilizer.pitch': 0.11785954236984253, 'stabilizer.yaw': 83.25814056396484}
[4546755][Stabilizer]: {'stabilizer.roll': 0.5158662796020508, 'stabilizer.pitch': 0.11705991625785828, 'stabilizer.yaw': 83.06893920898438}
[4547755][Stabilizer]: {'stabilizer.roll': 0.5121750831604004, 'stabilizer.pitch': 0.1111457571387291, 'stabilizer.yaw': 82.88279724121094}
[4548755][Stabilizer]: {'stabilizer.roll': 0.520329475402832, 'stabilizer.pitch': 0.10729914903640747, 'stabilizer.yaw': 82.69482421875}
[4549755][Stabilizer]: {'stabilizer.roll': 0.5079285502433777, 'stabilizer.pitch': 0.10884491354227066, 'stabilizer.yaw': 82.51512145996094}
[4550755][Stabilizer]: {'stabilizer.roll': 0.515496015548706, 'stabilizer.pitch': 0.11295700818300247, 'stabilizer.yaw': 82.32600402832031}
[4551755][Stabilizer]: {'stabilizer.roll': 0.5110054612159729, 'stabilizer.pitch': 0.1193109005689621, 'stabilizer.yaw': 82.13626861572266}
[4552755][Stabilizer]: {'stabilizer.roll': 0.5081111788749695, 'stabilizer.pitch': 0.11629222333431244, 'stabilizer.yaw': 81.94320678710938}
[4553755][Stabilizer]: {'stabilizer.roll': 0.5055341720581055, 'stabilizer.pitch': 0.11801528930664062, 'stabilizer.yaw': 81.7569808959961}
[4554755][Stabilizer]: {'stabilizer.roll': 0.4981217086315155, 'stabilizer.pitch': 0.11941055208444595, 'stabilizer.yaw': 81.57488250732422}
[4555755][Stabilizer]: {'stabilizer.roll': 0.49830907583236694, 'stabilizer.pitch': 0.11533251404762268, 'stabilizer.yaw': 81.3829345703125}
[4556755][Stabilizer]: {'stabilizer.roll': 0.5150759816169739, 'stabilizer.pitch': 0.11211469024419785, 'stabilizer.yaw': 81.20755767822266}
[4557755][Stabilizer]: {'stabilizer.roll': 0.514309823513031, 'stabilizer.pitch': 0.12090437859296799, 'stabilizer.yaw': 81.01626586914062}
[4558755][Stabilizer]: {'stabilizer.roll': 0.5182356238365173, 'stabilizer.pitch': 0.1255313605070114, 'stabilizer.yaw': 80.83175659179688}
[4559755][Stabilizer]: {'stabilizer.roll': 0.5228608250617981, 'stabilizer.pitch': 0.11954397708177567, 'stabilizer.yaw': 80.64945983886719}
[4560755][Stabilizer]: {'stabilizer.roll': 0.5216200947761536, 'stabilizer.pitch': 0.12609007954597473, 'stabilizer.yaw': 80.47557830810547}
[4561755][Stabilizer]: {'stabilizer.roll': 0.5253602862358093, 'stabilizer.pitch': 0.12007331848144531, 'stabilizer.yaw': 80.28575134277344}
[4562755][Stabilizer]: {'stabilizer.roll': 0.5381484031677246, 'stabilizer.pitch': 0.11025002598762512, 'stabilizer.yaw': 80.10075378417969}
[4563755][Stabilizer]: {'stabilizer.roll': 0.5401239991188049, 'stabilizer.pitch': 0.10877133160829544, 'stabilizer.yaw': 79.91997528076172}/home/taste/Documents/FlyingTasters/PythonSocketServer/runSocketServer.sh: line 4:  3862 Terminated              python3 /home/taste/Documents/FlyingTasters/PythonSocketServer/myBasiclogAndRampWithSocketServerC.py
end of runSocketServer script
/home/taste/Documents/FlyingTasters/PythonSocketServer/runSocketServer.sh: line 3: activate: No such file or directory
/home/taste/Documents/FlyingTasters/PythonSocketServer/runSocketServer.sh: line 3: activate: No such file or directory
Traceback (most recent call last):
  File "/home/taste/Documents/FlyingTasters/PythonSocketServer/myBasiclogAndRampWithSocketServerC.py", line 161, in <module>
    mySocket.bind((HOST, PORT))
OSError: [Errno 98] Address already in use
end of runSocketServer script
Connecting to radio://0/83/250K
mySocket.listen(1)
conn, addr = mySocket.accept()
Connected to radio://0/83/250K
socket <socket.socket fd=3, family=AddressFamily.AF_INET, type=SocketKind.SOCK_STREAM, proto=0, laddr=('0.0.0.0', 50007)>
[4631576][Stabilizer]: {'stabilizer.roll': 0.5399100184440613, 'stabilizer.yaw': 67.6231918334961, 'stabilizer.pitch': 0.12827859818935394}
[4632576][Stabilizer]: {'stabilizer.roll': 0.5421279668807983, 'stabilizer.yaw': 67.44280242919922, 'stabilizer.pitch': 0.11985734105110168}
[4633576][Stabilizer]: {'stabilizer.roll': 0.5529317855834961, 'stabilizer.yaw': 67.26380920410156, 'stabilizer.pitch': 0.12459840625524521}
[4634576][Stabilizer]: {'stabilizer.roll': 0.5586252808570862, 'stabilizer.yaw': 67.08424377441406, 'stabilizer.pitch': 0.11828981339931488}
[4635576][Stabilizer]: {'stabilizer.roll': 0.5518876314163208, 'stabilizer.yaw': 66.9082260131836, 'stabilizer.pitch': 0.1139812171459198}
[4636576][Stabilizer]: {'stabilizer.roll': 0.5556714534759521, 'stabilizer.yaw': 66.7346420288086, 'stabilizer.pitch': 0.11740174889564514}
[4637576][Stabilizer]: {'stabilizer.roll': 0.5683096051216125, 'stabilizer.yaw': 66.62822723388672, 'stabilizer.pitch': 0.12527035176753998}
[4638576][Stabilizer]: {'stabilizer.roll': 0.5676704049110413, 'stabilizer.yaw': 66.46243286132812, 'stabilizer.pitch': 0.15689617395401}
[4639576][Stabilizer]: {'stabilizer.roll': 0.5749952793121338, 'stabilizer.yaw': 66.27005004882812, 'stabilizer.pitch': 0.11791934072971344}
[4640576][Stabilizer]: {'stabilizer.roll': 0.5601180791854858, 'stabilizer.yaw': 66.09346008300781, 'stabilizer.pitch': 0.1639695167541504}
[4641576][Stabilizer]: {'stabilizer.roll': 0.5793064832687378, 'stabilizer.yaw': 65.9090805053711, 'stabilizer.pitch': 0.11580239981412888}
[4642576][Stabilizer]: {'stabilizer.roll': 0.5859135985374451, 'stabilizer.yaw': 65.73326873779297, 'stabilizer.pitch': 0.11597894132137299}
[4643576][Stabilizer]: {'stabilizer.roll': 0.5802672505378723, 'stabilizer.yaw': 65.56231689453125, 'stabilizer.pitch': 0.12612701952457428}
[4644576][Stabilizer]: {'stabilizer.roll': 0.5790923237800598, 'stabilizer.yaw': 65.39900970458984, 'stabilizer.pitch': 0.11229950189590454}
[4645576][Stabilizer]: {'stabilizer.roll': 0.5804562568664551, 'stabilizer.yaw': 65.22875213623047, 'stabilizer.pitch': 0.11151450127363205}
[4646576][Stabilizer]: {'stabilizer.roll': 0.5832122564315796, 'stabilizer.yaw': 65.05435180664062, 'stabilizer.pitch': 0.10455553978681564}
[4647576][Stabilizer]: {'stabilizer.roll': 0.5747147798538208, 'stabilizer.yaw': 64.96243286132812, 'stabilizer.pitch': 0.12944957613945007}
[4648576][Stabilizer]: {'stabilizer.roll': 0.5696127414703369, 'stabilizer.yaw': 64.78028869628906, 'stabilizer.pitch': 0.15187369287014008}
[4649576][Stabilizer]: {'stabilizer.roll': 0.5830099582672119, 'stabilizer.yaw': 64.60672760009766, 'stabilizer.pitch': 0.1486879587173462}
[4650576][Stabilizer]: {'stabilizer.roll': 0.5764799118041992, 'stabilizer.yaw': 64.41970825195312, 'stabilizer.pitch': 0.14247649908065796}
[4651576][Stabilizer]: {'stabilizer.roll': 0.5682344436645508, 'stabilizer.yaw': 64.24333953857422, 'stabilizer.pitch': 0.13307775557041168}
[4652576][Stabilizer]: {'stabilizer.roll': 0.5759177207946777, 'stabilizer.yaw': 64.07097625732422, 'stabilizer.pitch': 0.1231435164809227}
[4653576][Stabilizer]: {'stabilizer.roll': 0.5788854360580444, 'stabilizer.yaw': 63.88717269897461, 'stabilizer.pitch': 0.11521606147289276}
[4654576][Stabilizer]: {'stabilizer.roll': 0.5841333866119385, 'stabilizer.yaw': 63.70296859741211, 'stabilizer.pitch': 0.09943027049303055}
[4655576][Stabilizer]: {'stabilizer.roll': 0.588792085647583, 'stabilizer.yaw': 63.53314208984375, 'stabilizer.pitch': 0.09189841151237488}
[4656576][Stabilizer]: {'stabilizer.roll': 0.5808979868888855, 'stabilizer.yaw': 63.36063003540039, 'stabilizer.pitch': 0.09348976612091064}
[4657576][Stabilizer]: {'stabilizer.roll': 0.5771740674972534, 'stabilizer.yaw': 63.183475494384766, 'stabilizer.pitch': 0.09920868277549744}
[4658576][Stabilizer]: {'stabilizer.roll': 0.5783966779708862, 'stabilizer.yaw': 63.007781982421875, 'stabilizer.pitch': 0.1031380146741867}
[4659576][Stabilizer]: {'stabilizer.roll': 0.5819547176361084, 'stabilizer.yaw': 62.83287811279297, 'stabilizer.pitch': 0.102801114320755}
[4660576][Stabilizer]: {'stabilizer.roll': 0.5866181254386902, 'stabilizer.yaw': 62.66239547729492, 'stabilizer.pitch': 0.09851302951574326}
[4661576][Stabilizer]: {'stabilizer.roll': 0.5876041650772095, 'stabilizer.yaw': 62.49662399291992, 'stabilizer.pitch': 0.1048656553030014}
[4662576][Stabilizer]: {'stabilizer.roll': 0.5872856974601746, 'stabilizer.yaw': 62.32435989379883, 'stabilizer.pitch': 0.10924048721790314}
[4663576][Stabilizer]: {'stabilizer.roll': 0.580975353717804, 'stabilizer.yaw': 62.14647674560547, 'stabilizer.pitch': 0.10675006359815598}
[4664576][Stabilizer]: {'stabilizer.roll': 0.58591228723526, 'stabilizer.yaw': 61.966346740722656, 'stabilizer.pitch': 0.09951528161764145}
[4665576][Stabilizer]: {'stabilizer.roll': 0.5797959566116333, 'stabilizer.yaw': 61.77730941772461, 'stabilizer.pitch': 0.10481066256761551}
[4666576][Stabilizer]: {'stabilizer.roll': 0.5780776143074036, 'stabilizer.yaw': 61.60355758666992, 'stabilizer.pitch': 0.10346053540706635}
[4667576][Stabilizer]: {'stabilizer.roll': 0.5787190198898315, 'stabilizer.yaw': 61.43062973022461, 'stabilizer.pitch': 0.0996445044875145}
[4668576][Stabilizer]: {'stabilizer.roll': 0.585580587387085, 'stabilizer.yaw': 61.24699401855469, 'stabilizer.pitch': 0.0944187268614769}
[4669576][Stabilizer]: {'stabilizer.roll': 0.5931312441825867, 'stabilizer.yaw': 61.07131576538086, 'stabilizer.pitch': 0.09673268347978592}
[4670576][Stabilizer]: {'stabilizer.roll': 0.5905300974845886, 'stabilizer.yaw': 60.891845703125, 'stabilizer.pitch': 0.09560927003622055}
[4671576][Stabilizer]: {'stabilizer.roll': 0.591388463973999, 'stabilizer.yaw': 60.715660095214844, 'stabilizer.pitch': 0.09869738668203354}
[4672576][Stabilizer]: {'stabilizer.roll': 0.5869198441505432, 'stabilizer.yaw': 60.53983688354492, 'stabilizer.pitch': 0.11612160503864288}
[4673576][Stabilizer]: {'stabilizer.roll': 0.574226975440979, 'stabilizer.yaw': 60.366737365722656, 'stabilizer.pitch': 0.11294972896575928}
[4674576][Stabilizer]: {'stabilizer.roll': 0.5701038241386414, 'stabilizer.yaw': 60.19673538208008, 'stabilizer.pitch': 0.13995406031608582}
[4675576][Stabilizer]: {'stabilizer.roll': 0.568880558013916, 'stabilizer.yaw': 60.005741119384766, 'stabilizer.pitch': 0.13285942375659943}
[4676576][Stabilizer]: {'stabilizer.roll': 0.5753151178359985, 'stabilizer.yaw': 59.82658386230469, 'stabilizer.pitch': 0.13047093152999878}
[4677576][Stabilizer]: {'stabilizer.roll': 0.5835893750190735, 'stabilizer.yaw': 59.640010833740234, 'stabilizer.pitch': 0.13756528496742249}
[4678576][Stabilizer]: {'stabilizer.roll': 0.5895310044288635, 'stabilizer.yaw': 59.459922790527344, 'stabilizer.pitch': 0.12551790475845337}
[4679576][Stabilizer]: {'stabilizer.roll': 0.5830124616622925, 'stabilizer.yaw': 59.285186767578125, 'stabilizer.pitch': 0.13043980300426483}
[4680576][Stabilizer]: {'stabilizer.roll': 0.5925335884094238, 'stabilizer.yaw': 59.10334014892578, 'stabilizer.pitch': 0.13205261528491974}
[4681576][Stabilizer]: {'stabilizer.roll': 0.5930383801460266, 'stabilizer.yaw': 58.93162155151367, 'stabilizer.pitch': 0.1314566284418106}
[4682576][Stabilizer]: {'stabilizer.roll': 0.5632153749465942, 'stabilizer.yaw': 60.3880500793457, 'stabilizer.pitch': 0.10388756543397903}
[4683576][Stabilizer]: {'stabilizer.roll': -6.57523250579834, 'stabilizer.yaw': 72.58382415771484, 'stabilizer.pitch': 0.022146159783005714}
[4684576][Stabilizer]: {'stabilizer.roll': 2.032653570175171, 'stabilizer.yaw': 85.25989532470703, 'stabilizer.pitch': 0.005927822086960077}
[4685576][Stabilizer]: {'stabilizer.roll': 1.8430277109146118, 'stabilizer.yaw': 85.0302963256836, 'stabilizer.pitch': 0.023884393274784088}
[4686576][Stabilizer]: {'stabilizer.roll': 3.5712411403656006, 'stabilizer.yaw': 80.96903991699219, 'stabilizer.pitch': -4.083032131195068}
[4687576][Stabilizer]: {'stabilizer.roll': 2.9317641258239746, 'stabilizer.yaw': -33.42780303955078, 'stabilizer.pitch': -5.802805423736572}/home/taste/Documents/FlyingTasters/PythonSocketServer/runSocketServer.sh: line 3: activate: No such file or directory
Traceback (most recent call last):
  File "/home/taste/Documents/FlyingTasters/PythonSocketServer/myBasiclogAndRampWithSocketServerC.py", line 161, in <module>
    mySocket.bind((HOST, PORT))
OSError: [Errno 98] Address already in use
end of runSocketServer script
/home/taste/Documents/FlyingTasters/PythonSocketServer/runSocketServer.sh: line 3: activate: No such file or directory
Traceback (most recent call last):
  File "/home/taste/Documents/FlyingTasters/PythonSocketServer/myBasiclogAndRampWithSocketServerC.py", line 161, in <module>
    mySocket.bind((HOST, PORT))
OSError: [Errno 98] Address already in use
end of runSocketServer script

[4688576][Stabilizer]: {'stabilizer.roll': 0.39832359552383423, 'stabilizer.yaw': -39.60134506225586, 'stabilizer.pitch': -0.08829640597105026}
[4689576][Stabilizer]: {'stabilizer.roll': 0.5781126022338867, 'stabilizer.yaw': -38.943790435791016, 'stabilizer.pitch': 0.02131490223109722}
[4690576][Stabilizer]: {'stabilizer.roll': 0.7077288031578064, 'stabilizer.yaw': -39.187957763671875, 'stabilizer.pitch': 0.05437558516860008}
[4691576][Stabilizer]: {'stabilizer.roll': 0.7984732389450073, 'stabilizer.yaw': -39.4383430480957, 'stabilizer.pitch': 0.09125611186027527}
[4692576][Stabilizer]: {'stabilizer.roll': 0.8704477548599243, 'stabilizer.yaw': -39.68708038330078, 'stabilizer.pitch': 0.11415087431669235}
[4693576][Stabilizer]: {'stabilizer.roll': 0.899034857749939, 'stabilizer.yaw': -39.938453674316406, 'stabilizer.pitch': 0.11755115538835526}
[4694576][Stabilizer]: {'stabilizer.roll': 0.9263116121292114, 'stabilizer.yaw': -40.17885208129883, 'stabilizer.pitch': 0.12160886079072952}
[4695576][Stabilizer]: {'stabilizer.roll': 0.9523589611053467, 'stabilizer.yaw': -40.415653228759766, 'stabilizer.pitch': 0.13528576493263245}
[4696576][Stabilizer]: {'stabilizer.roll': 0.9686217308044434, 'stabilizer.yaw': -40.6523323059082, 'stabilizer.pitch': 0.1364806443452835}
[4697576][Stabilizer]: {'stabilizer.roll': 0.9838038086891174, 'stabilizer.yaw': -40.89607620239258, 'stabilizer.pitch': 0.13637647032737732}
[4698576][Stabilizer]: {'stabilizer.roll': 1.1520847082138062, 'stabilizer.yaw': -40.61638259887695, 'stabilizer.pitch': 0.14767508208751678}
[4699576][Stabilizer]: {'stabilizer.roll': 0.9896045923233032, 'stabilizer.yaw': -41.02476119995117, 'stabilizer.pitch': 0.13013003766536713}
[4700576][Stabilizer]: {'stabilizer.roll': -23.948455810546875, 'stabilizer.yaw': -65.43816375732422, 'stabilizer.pitch': -12.52863597869873}
[4701576][Stabilizer]: {'stabilizer.roll': -21.44026756286621, 'stabilizer.yaw': -62.302486419677734, 'stabilizer.pitch': -32.14516830444336}
[4702576][Stabilizer]: {'stabilizer.roll': -5.798549175262451, 'stabilizer.yaw': -76.9307861328125, 'stabilizer.pitch': 19.290285110473633}
[4703576][Stabilizer]: {'stabilizer.roll': -16.39068603515625, 'stabilizer.yaw': -100.48632049560547, 'stabilizer.pitch': -7.64334774017334}
Disconnected from radio://0/83/250K
disconnected 3
socket <socket.socket [closed] fd=-1, family=AddressFamily.AF_INET, type=SocketKind.SOCK_STREAM, proto=0>
Connection to radio://0/83/250K lost: Too many packets lost
disconnected 2
socket <socket.socket [closed] fd=-1, family=AddressFamily.AF_INET, type=SocketKind.SOCK_STREAM, proto=0>
if conn:
Connected by ('127.0.0.1', 39738)
end of runSocketServer script
/home/taste/Documents/FlyingTasters/PythonSocketServer/runSocketServer.sh: line 3: activate: No such file or directory
/home/taste/Documents/FlyingTasters/PythonSocketServer/runSocketServer.sh: line 3: activate: No such file or directory
Traceback (most recent call last):
  File "/home/taste/Documents/FlyingTasters/PythonSocketServer/myBasiclogAndRampWithSocketServerC.py", line 161, in <module>
    mySocket.bind((HOST, PORT))
OSError: [Errno 98] Address already in use
end of runSocketServer script
Connecting to radio://0/83/250K
mySocket.listen(1)
conn, addr = mySocket.accept()
Connected to radio://0/83/250K
socket <socket.socket fd=3, family=AddressFamily.AF_INET, type=SocketKind.SOCK_STREAM, proto=0, laddr=('0.0.0.0', 50007)>
[15364][Stabilizer]: {'stabilizer.roll': 1.1117582321166992, 'stabilizer.yaw': -0.0792350322008133, 'stabilizer.pitch': 0.2767261564731598}
[16364][Stabilizer]: {'stabilizer.roll': 1.1118559837341309, 'stabilizer.yaw': -0.08822217583656311, 'stabilizer.pitch': 0.26443707942962646}
[17364][Stabilizer]: {'stabilizer.roll': 1.1161534786224365, 'stabilizer.yaw': -0.0962786078453064, 'stabilizer.pitch': 0.26485803723335266}
[18364][Stabilizer]: {'stabilizer.roll': 1.1193078756332397, 'stabilizer.yaw': -0.1013471856713295, 'stabilizer.pitch': 0.25815504789352417}
[19364][Stabilizer]: {'stabilizer.roll': 1.134196162223816, 'stabilizer.yaw': -0.11972644180059433, 'stabilizer.pitch': 0.242982417345047}
[20364][Stabilizer]: {'stabilizer.roll': 1.133239984512329, 'stabilizer.yaw': -0.1394834965467453, 'stabilizer.pitch': 0.23440328240394592}
[21364][Stabilizer]: {'stabilizer.roll': 1.1211440563201904, 'stabilizer.yaw': -0.16779197752475739, 'stabilizer.pitch': 0.23796987533569336}
[22364][Stabilizer]: {'stabilizer.roll': 1.1174752712249756, 'stabilizer.yaw': -0.18859556317329407, 'stabilizer.pitch': 0.24628138542175293}
[23364][Stabilizer]: {'stabilizer.roll': 1.11402428150177, 'stabilizer.yaw': -0.21174851059913635, 'stabilizer.pitch': 0.25186288356781006}
[24364][Stabilizer]: {'stabilizer.roll': 1.1255159378051758, 'stabilizer.yaw': -0.22889471054077148, 'stabilizer.pitch': 0.2500523626804352}
[25364][Stabilizer]: {'stabilizer.roll': 1.1373122930526733, 'stabilizer.yaw': -0.24268467724323273, 'stabilizer.pitch': 0.23608601093292236}
[26364][Stabilizer]: {'stabilizer.roll': 1.1476503610610962, 'stabilizer.yaw': -0.2625347375869751, 'stabilizer.pitch': 0.2288506180047989}
[27364][Stabilizer]: {'stabilizer.roll': 1.144062876701355, 'stabilizer.yaw': -0.27718427777290344, 'stabilizer.pitch': 0.22703541815280914}
[28364][Stabilizer]: {'stabilizer.roll': 1.1370854377746582, 'stabilizer.yaw': -0.301791250705719, 'stabilizer.pitch': 0.22707140445709229}
[29364][Stabilizer]: {'stabilizer.roll': 1.131566047668457, 'stabilizer.yaw': -0.3393813371658325, 'stabilizer.pitch': 0.23108504712581635}
[30364][Stabilizer]: {'stabilizer.roll': 1.123781442642212, 'stabilizer.yaw': -0.3629170060157776, 'stabilizer.pitch': 0.244684100151062}
[31364][Stabilizer]: {'stabilizer.roll': 1.1276789903640747, 'stabilizer.yaw': -0.3936571478843689, 'stabilizer.pitch': 0.2482459843158722}
[32364][Stabilizer]: {'stabilizer.roll': 1.1249738931655884, 'stabilizer.yaw': -0.41193515062332153, 'stabilizer.pitch': 0.28146064281463623}
[33364][Stabilizer]: {'stabilizer.roll': 1.1259263753890991, 'stabilizer.yaw': -0.4486455023288727, 'stabilizer.pitch': 0.27613934874534607}
[34364][Stabilizer]: {'stabilizer.roll': 1.1313252449035645, 'stabilizer.yaw': -0.48041442036628723, 'stabilizer.pitch': 0.23451264202594757}
[35364][Stabilizer]: {'stabilizer.roll': 1.1369432210922241, 'stabilizer.yaw': -0.5179545283317566, 'stabilizer.pitch': 0.22552606463432312}
[36364][Stabilizer]: {'stabilizer.roll': 1.1513922214508057, 'stabilizer.yaw': -0.5510846972465515, 'stabilizer.pitch': 0.17427195608615875}
[37364][Stabilizer]: {'stabilizer.roll': 1.1617538928985596, 'stabilizer.yaw': -0.5940371751785278, 'stabilizer.pitch': 0.17162995040416718}
[38364][Stabilizer]: {'stabilizer.roll': 1.1690895557403564, 'stabilizer.yaw': -0.6272138953208923, 'stabilizer.pitch': 0.16671690344810486}
[39364][Stabilizer]: {'stabilizer.roll': 1.158634066581726, 'stabilizer.yaw': -0.6596761345863342, 'stabilizer.pitch': 0.1605672389268875}
[40364][Stabilizer]: {'stabilizer.roll': 1.1662992238998413, 'stabilizer.yaw': -0.6929111480712891, 'stabilizer.pitch': 0.16049739718437195}
[41364][Stabilizer]: {'stabilizer.roll': 1.1521981954574585, 'stabilizer.yaw': -0.7369530200958252, 'stabilizer.pitch': 0.16090452671051025}
[42364][Stabilizer]: {'stabilizer.roll': 1.1497002840042114, 'stabilizer.yaw': -0.7717815041542053, 'stabilizer.pitch': 0.15347671508789062}
[43364][Stabilizer]: {'stabilizer.roll': 1.1497461795806885, 'stabilizer.yaw': -0.8159398436546326, 'stabilizer.pitch': 0.14747317135334015}
[44364][Stabilizer]: {'stabilizer.roll': 1.1456717252731323, 'stabilizer.yaw': -0.8511667847633362, 'stabilizer.pitch': 0.13953271508216858}
[45364][Stabilizer]: {'stabilizer.roll': 1.1367974281311035, 'stabilizer.yaw': -0.8990302085876465, 'stabilizer.pitch': 0.12975944578647614}
[46364][Stabilizer]: {'stabilizer.roll': 1.1326133012771606, 'stabilizer.yaw': -0.9372500777244568, 'stabilizer.pitch': 0.1222076490521431}
[47364][Stabilizer]: {'stabilizer.roll': 1.1210707426071167, 'stabilizer.yaw': -0.9733550548553467, 'stabilizer.pitch': 0.12712068855762482}
[48364][Stabilizer]: {'stabilizer.roll': 1.1241536140441895, 'stabilizer.yaw': -1.015308141708374, 'stabilizer.pitch': 0.11950194090604782}
[49364][Stabilizer]: {'stabilizer.roll': 1.1241403818130493, 'stabilizer.yaw': -1.0528508424758911, 'stabilizer.pitch': 0.12088639289140701}
[50364][Stabilizer]: {'stabilizer.roll': 1.1355229616165161, 'stabilizer.yaw': -1.097288966178894, 'stabilizer.pitch': 0.11729516088962555}
[51364][Stabilizer]: {'stabilizer.roll': 1.1405630111694336, 'stabilizer.yaw': -1.1352262496948242, 'stabilizer.pitch': 0.11863384395837784}
[52364][Stabilizer]: {'stabilizer.roll': 1.1539381742477417, 'stabilizer.yaw': -1.1706430912017822, 'stabilizer.pitch': 0.11820158362388611}
[53364][Stabilizer]: {'stabilizer.roll': 1.155837893486023, 'stabilizer.yaw': -1.2095584869384766, 'stabilizer.pitch': 0.10781708359718323}
[54364][Stabilizer]: {'stabilizer.roll': 1.1518018245697021, 'stabilizer.yaw': -1.2552833557128906, 'stabilizer.pitch': 0.10788397490978241}
[55364][Stabilizer]: {'stabilizer.roll': 1.1572974920272827, 'stabilizer.yaw': -1.291619062423706, 'stabilizer.pitch': 0.0947718471288681}
[56364][Stabilizer]: {'stabilizer.roll': 1.1631568670272827, 'stabilizer.yaw': -1.3318548202514648, 'stabilizer.pitch': 0.10429224371910095}
[57364][Stabilizer]: {'stabilizer.roll': 1.1775314807891846, 'stabilizer.yaw': -1.3723809719085693, 'stabilizer.pitch': 0.11425993591547012}
[58364][Stabilizer]: {'stabilizer.roll': 1.1787209510803223, 'stabilizer.yaw': -1.4237947463989258, 'stabilizer.pitch': 0.10265359282493591}
[59364][Stabilizer]: {'stabilizer.roll': 1.1697896718978882, 'stabilizer.yaw': -1.4719691276550293, 'stabilizer.pitch': 0.10867796093225479}
[60364][Stabilizer]: {'stabilizer.roll': 1.1578336954116821, 'stabilizer.yaw': -1.5164376497268677, 'stabilizer.pitch': 0.11650148034095764}
[61364][Stabilizer]: {'stabilizer.roll': 1.1643261909484863, 'stabilizer.yaw': -1.5567423105239868, 'stabilizer.pitch': 0.10108210891485214}
[62364][Stabilizer]: {'stabilizer.roll': 1.1657508611679077, 'stabilizer.yaw': -1.6000819206237793, 'stabilizer.pitch': 0.10010263323783875}
[63364][Stabilizer]: {'stabilizer.roll': 1.161741852760315, 'stabilizer.yaw': -1.6455713510513306, 'stabilizer.pitch': 0.09188580513000488}
[64364][Stabilizer]: {'stabilizer.roll': 1.161868929862976, 'stabilizer.yaw': -1.693044662475586, 'stabilizer.pitch': 0.0934978574514389}
[65364][Stabilizer]: {'stabilizer.roll': 1.1499474048614502, 'stabilizer.yaw': -1.7426444292068481, 'stabilizer.pitch': 0.08670106530189514}
[66364][Stabilizer]: {'stabilizer.roll': 1.1442676782608032, 'stabilizer.yaw': -1.794679045677185, 'stabilizer.pitch': 0.08633683621883392}
[67364][Stabilizer]: {'stabilizer.roll': 1.1314423084259033, 'stabilizer.yaw': -1.8405009508132935, 'stabilizer.pitch': 0.09802964329719543}
[68364][Stabilizer]: {'stabilizer.roll': 1.1293917894363403, 'stabilizer.yaw': -1.884013056755066, 'stabilizer.pitch': 0.10531354695558548}
[69364][Stabilizer]: {'stabilizer.roll': 1.141231894493103, 'stabilizer.yaw': -1.9456450939178467, 'stabilizer.pitch': 0.06956728547811508}
[70364][Stabilizer]: {'stabilizer.roll': 1.1376820802688599, 'stabilizer.yaw': -2.000138759613037, 'stabilizer.pitch': 0.0595950223505497}
[71364][Stabilizer]: {'stabilizer.roll': 1.1473102569580078, 'stabilizer.yaw': -2.0509345531463623, 'stabilizer.pitch': 0.05716444551944733}/home/taste/Documents/FlyingTasters/PythonSocketServer/runSocketServer.sh: line 3: activate: No such file or directory
Traceback (most recent call last):
  File "/home/taste/Documents/FlyingTasters/PythonSocketServer/myBasiclogAndRampWithSocketServerC.py", line 161, in <module>
    mySocket.bind((HOST, PORT))
OSError: [Errno 98] Address already in use
end of runSocketServer script

[72364][Stabilizer]: {'stabilizer.roll': 1.1377537250518799, 'stabilizer.yaw': -2.1034865379333496, 'stabilizer.pitch': 0.07340060919523239}
[73364][Stabilizer]: {'stabilizer.roll': 1.1484527587890625, 'stabilizer.yaw': -2.160120964050293, 'stabilizer.pitch': 0.08749542385339737}
[74364][Stabilizer]: {'stabilizer.roll': 1.158554196357727, 'stabilizer.yaw': -2.2145612239837646, 'stabilizer.pitch': 0.08245260268449783}
[75364][Stabilizer]: {'stabilizer.roll': 1.1555604934692383, 'stabilizer.yaw': -2.2680294513702393, 'stabilizer.pitch': 0.08253316581249237}
[76364][Stabilizer]: {'stabilizer.roll': 1.1439082622528076, 'stabilizer.yaw': -2.321669101715088, 'stabilizer.pitch': 0.07861051708459854}
[77364][Stabilizer]: {'stabilizer.roll': 1.1461716890335083, 'stabilizer.yaw': -2.3776190280914307, 'stabilizer.pitch': 0.07065659016370773}
[78364][Stabilizer]: {'stabilizer.roll': 1.1472026109695435, 'stabilizer.yaw': -2.4297988414764404, 'stabilizer.pitch': 0.08525552600622177}
[79364][Stabilizer]: {'stabilizer.roll': 1.1435400247573853, 'stabilizer.yaw': -2.481717824935913, 'stabilizer.pitch': 0.08069080859422684}
[80364][Stabilizer]: {'stabilizer.roll': 1.1462115049362183, 'stabilizer.yaw': -2.550196409225464, 'stabilizer.pitch': 0.06131083145737648}
[81364][Stabilizer]: {'stabilizer.roll': 1.1502721309661865, 'stabilizer.yaw': -2.605285406112671, 'stabilizer.pitch': 0.06289983540773392}
[82364][Stabilizer]: {'stabilizer.roll': 1.1553964614868164, 'stabilizer.yaw': -2.664607048034668, 'stabilizer.pitch': 0.09054971486330032}
[83364][Stabilizer]: {'stabilizer.roll': 1.1495779752731323, 'stabilizer.yaw': -2.729771614074707, 'stabilizer.pitch': 0.08527544885873795}
[84364][Stabilizer]: {'stabilizer.roll': 1.1515713930130005, 'stabilizer.yaw': -2.787598133087158, 'stabilizer.pitch': 0.0959661453962326}
[85364][Stabilizer]: {'stabilizer.roll': 1.154312014579773, 'stabilizer.yaw': -2.835886240005493, 'stabilizer.pitch': 0.10012808442115784}
[86364][Stabilizer]: {'stabilizer.roll': 1.1509102582931519, 'stabilizer.yaw': -2.8901021480560303, 'stabilizer.pitch': 0.10181327909231186}
[87364][Stabilizer]: {'stabilizer.roll': 1.150601863861084, 'stabilizer.yaw': -2.9570107460021973, 'stabilizer.pitch': 0.08679530769586563}
[88364][Stabilizer]: {'stabilizer.roll': 1.1601475477218628, 'stabilizer.yaw': -3.010516881942749, 'stabilizer.pitch': 0.07906027883291245}
[89364][Stabilizer]: {'stabilizer.roll': 1.1590434312820435, 'stabilizer.yaw': -3.0689587593078613, 'stabilizer.pitch': 0.07371845841407776}
[90364][Stabilizer]: {'stabilizer.roll': 1.1551152467727661, 'stabilizer.yaw': -3.1275131702423096, 'stabilizer.pitch': 0.07465953379869461}
[91364][Stabilizer]: {'stabilizer.roll': 1.1516934633255005, 'stabilizer.yaw': -3.183269739151001, 'stabilizer.pitch': 0.07706576585769653}
[92364][Stabilizer]: {'stabilizer.roll': 1.1502571105957031, 'stabilizer.yaw': -3.2437684535980225, 'stabilizer.pitch': 0.07712045311927795}
[93364][Stabilizer]: {'stabilizer.roll': 1.15500807762146, 'stabilizer.yaw': -3.2969887256622314, 'stabilizer.pitch': 0.07584041357040405}
[94364][Stabilizer]: {'stabilizer.roll': 1.1598844528198242, 'stabilizer.yaw': -3.3597888946533203, 'stabilizer.pitch': 0.07080297917127609}
[95364][Stabilizer]: {'stabilizer.roll': 1.1668243408203125, 'stabilizer.yaw': -3.415796995162964, 'stabilizer.pitch': 0.06559174507856369}
[96364][Stabilizer]: {'stabilizer.roll': 1.1673794984817505, 'stabilizer.yaw': -3.475297689437866, 'stabilizer.pitch': 0.0602775514125824}
[97364][Stabilizer]: {'stabilizer.roll': 1.1763845682144165, 'stabilizer.yaw': -3.526365041732788, 'stabilizer.pitch': 0.061025671660900116}
[98364][Stabilizer]: {'stabilizer.roll': 1.1604281663894653, 'stabilizer.yaw': -3.5832643508911133, 'stabilizer.pitch': 0.06700196117162704}
[99364][Stabilizer]: {'stabilizer.roll': 1.165160059928894, 'stabilizer.yaw': -3.649796724319458, 'stabilizer.pitch': 0.06564611196517944}
[100364][Stabilizer]: {'stabilizer.roll': 1.145736813545227, 'stabilizer.yaw': -3.7049882411956787, 'stabilizer.pitch': 0.05965380743145943}
[101364][Stabilizer]: {'stabilizer.roll': 1.1422057151794434, 'stabilizer.yaw': -3.7721829414367676, 'stabilizer.pitch': 0.056463200598955154}
[102364][Stabilizer]: {'stabilizer.roll': 1.1446086168289185, 'stabilizer.yaw': -3.836644411087036, 'stabilizer.pitch': 0.04803817346692085}
[103364][Stabilizer]: {'stabilizer.roll': 1.1401121616363525, 'stabilizer.yaw': -3.8956432342529297, 'stabilizer.pitch': 0.06696401536464691}
[104364][Stabilizer]: {'stabilizer.roll': 1.1279155015945435, 'stabilizer.yaw': -3.9632463455200195, 'stabilizer.pitch': 0.07020500302314758}
[105364][Stabilizer]: {'stabilizer.roll': 1.1254152059555054, 'stabilizer.yaw': -4.02744722366333, 'stabilizer.pitch': 0.06014757975935936}
[106364][Stabilizer]: {'stabilizer.roll': 1.1263700723648071, 'stabilizer.yaw': -4.084537506103516, 'stabilizer.pitch': 0.05559108778834343}
[107364][Stabilizer]: {'stabilizer.roll': 1.123244047164917, 'stabilizer.yaw': -4.148200511932373, 'stabilizer.pitch': 0.0581311471760273}
[108364][Stabilizer]: {'stabilizer.roll': 1.1213291883468628, 'stabilizer.yaw': -4.2167253494262695, 'stabilizer.pitch': 0.06662023812532425}
[109364][Stabilizer]: {'stabilizer.roll': 1.1223032474517822, 'stabilizer.yaw': -4.2866129875183105, 'stabilizer.pitch': 0.06412749737501144}
[110364][Stabilizer]: {'stabilizer.roll': 1.1234263181686401, 'stabilizer.yaw': -4.343581199645996, 'stabilizer.pitch': 0.06264763325452805}
[111364][Stabilizer]: {'stabilizer.roll': 1.1222152709960938, 'stabilizer.yaw': -4.395634651184082, 'stabilizer.pitch': 0.048269595950841904}
[112364][Stabilizer]: {'stabilizer.roll': 1.1395583152770996, 'stabilizer.yaw': -4.460165977478027, 'stabilizer.pitch': 0.05846931040287018}
[113364][Stabilizer]: {'stabilizer.roll': 1.1421394348144531, 'stabilizer.yaw': -4.516964435577393, 'stabilizer.pitch': 0.05437470227479935}
[114364][Stabilizer]: {'stabilizer.roll': 1.1481319665908813, 'stabilizer.yaw': -4.57671594619751, 'stabilizer.pitch': 0.06401071697473526}
[115364][Stabilizer]: {'stabilizer.roll': 1.1444412469863892, 'stabilizer.yaw': -4.638041019439697, 'stabilizer.pitch': 0.062167938798666}
[116364][Stabilizer]: {'stabilizer.roll': 1.1454442739486694, 'stabilizer.yaw': -4.711197376251221, 'stabilizer.pitch': 0.06552936136722565}
[117364][Stabilizer]: {'stabilizer.roll': 1.1399421691894531, 'stabilizer.yaw': -4.775505065917969, 'stabilizer.pitch': 0.06727665662765503}
[118364][Stabilizer]: {'stabilizer.roll': 1.1423397064208984, 'stabilizer.yaw': -4.835026264190674, 'stabilizer.pitch': 0.059822604060173035}
[119364][Stabilizer]: {'stabilizer.roll': 1.1363190412521362, 'stabilizer.yaw': -4.892594814300537, 'stabilizer.pitch': 0.06382966041564941}
[120364][Stabilizer]: {'stabilizer.roll': 1.135920524597168, 'stabilizer.yaw': -4.957975387573242, 'stabilizer.pitch': 0.06405418366193771}
[121364][Stabilizer]: {'stabilizer.roll': 1.135621428489685, 'stabilizer.yaw': -5.01548957824707, 'stabilizer.pitch': 0.06985851377248764}
[122364][Stabilizer]: {'stabilizer.roll': 1.1267752647399902, 'stabilizer.yaw': -5.070699691772461, 'stabilizer.pitch': 0.10126791149377823}
[123364][Stabilizer]: {'stabilizer.roll': 1.131874918937683, 'stabilizer.yaw': -5.126307964324951, 'stabilizer.pitch': 0.09178651124238968}
[124364][Stabilizer]: {'stabilizer.roll': 1.135835886001587, 'stabilizer.yaw': -5.173139572143555, 'stabilizer.pitch': 0.087376169860363}
[125364][Stabilizer]: {'stabilizer.roll': 1.1388920545578003, 'stabilizer.yaw': -5.229382514953613, 'stabilizer.pitch': 0.07809852808713913}
[126364][Stabilizer]: {'stabilizer.roll': 1.1321594715118408, 'stabilizer.yaw': -5.287883281707764, 'stabilizer.pitch': 0.062488678842782974}
[127364][Stabilizer]: {'stabilizer.roll': 1.1335448026657104, 'stabilizer.yaw': -5.343740940093994, 'stabilizer.pitch': 0.0356384813785553}
[128364][Stabilizer]: {'stabilizer.roll': 1.1264034509658813, 'stabilizer.yaw': -5.399445533752441, 'stabilizer.pitch': 0.043029963970184326}
[129364][Stabilizer]: {'stabilizer.roll': 1.125671625137329, 'stabilizer.yaw': -5.45905876159668, 'stabilizer.pitch': 0.04502325505018234}
[130364][Stabilizer]: {'stabilizer.roll': 1.120761513710022, 'stabilizer.yaw': -5.530266761779785, 'stabilizer.pitch': 0.04750081151723862}/home/taste/Documents/FlyingTasters/PythonSocketServer/runSocketServer.sh: line 3: activate: No such file or directory
Traceback (most recent call last):
  File "/home/taste/Documents/FlyingTasters/PythonSocketServer/myBasiclogAndRampWithSocketServerC.py", line 161, in <module>
    mySocket.bind((HOST, PORT))
OSError: [Errno 98] Address already in use
end of runSocketServer script

[131364][Stabilizer]: {'stabilizer.roll': 1.128639817237854, 'stabilizer.yaw': -5.58906888961792, 'stabilizer.pitch': 0.0421874076128006}
[132364][Stabilizer]: {'stabilizer.roll': 1.1352299451828003, 'stabilizer.yaw': -5.642757892608643, 'stabilizer.pitch': 0.05902814865112305}
[133364][Stabilizer]: {'stabilizer.roll': 1.1321771144866943, 'stabilizer.yaw': -5.705862998962402, 'stabilizer.pitch': 0.06082232668995857}
[134364][Stabilizer]: {'stabilizer.roll': 1.1260943412780762, 'stabilizer.yaw': -5.767117500305176, 'stabilizer.pitch': 0.07437575608491898}
[135364][Stabilizer]: {'stabilizer.roll': 1.1166027784347534, 'stabilizer.yaw': -5.838089942932129, 'stabilizer.pitch': 0.06920257210731506}
[136364][Stabilizer]: {'stabilizer.roll': 1.1189396381378174, 'stabilizer.yaw': -5.9080939292907715, 'stabilizer.pitch': 0.07609318941831589}
[137364][Stabilizer]: {'stabilizer.roll': 1.1154210567474365, 'stabilizer.yaw': -5.961358070373535, 'stabilizer.pitch': 0.05554397031664848}
[138364][Stabilizer]: {'stabilizer.roll': 1.1198556423187256, 'stabilizer.yaw': -6.013232707977295, 'stabilizer.pitch': 0.0647813230752945}
[139364][Stabilizer]: {'stabilizer.roll': 1.12310791015625, 'stabilizer.yaw': -6.066384315490723, 'stabilizer.pitch': 0.07570187747478485}
[140364][Stabilizer]: {'stabilizer.roll': 1.1266489028930664, 'stabilizer.yaw': -6.12637186050415, 'stabilizer.pitch': 0.061902884393930435}
[141364][Stabilizer]: {'stabilizer.roll': 1.120644450187683, 'stabilizer.yaw': -6.184735298156738, 'stabilizer.pitch': 0.05430769547820091}
[142364][Stabilizer]: {'stabilizer.roll': 1.1281133890151978, 'stabilizer.yaw': -6.244427680969238, 'stabilizer.pitch': 0.044885143637657166}
[143364][Stabilizer]: {'stabilizer.roll': 1.1330184936523438, 'stabilizer.yaw': -6.308444976806641, 'stabilizer.pitch': 0.048524320125579834}
[144364][Stabilizer]: {'stabilizer.roll': 1.1329994201660156, 'stabilizer.yaw': -6.368575096130371, 'stabilizer.pitch': 0.0848608985543251}
[145364][Stabilizer]: {'stabilizer.roll': 1.1279946565628052, 'stabilizer.yaw': -6.427624225616455, 'stabilizer.pitch': 0.0810227021574974}
[146364][Stabilizer]: {'stabilizer.roll': 1.1251171827316284, 'stabilizer.yaw': -6.4870924949646, 'stabilizer.pitch': 0.07801239937543869}
[147364][Stabilizer]: {'stabilizer.roll': 1.1288669109344482, 'stabilizer.yaw': -6.546135902404785, 'stabilizer.pitch': 0.07204104959964752}
[148364][Stabilizer]: {'stabilizer.roll': 1.1313608884811401, 'stabilizer.yaw': -6.618279933929443, 'stabilizer.pitch': 0.0710708424448967}
[149364][Stabilizer]: {'stabilizer.roll': 1.118411898612976, 'stabilizer.yaw': -6.687653064727783, 'stabilizer.pitch': 0.07647161930799484}
[150364][Stabilizer]: {'stabilizer.roll': 1.119978427886963, 'stabilizer.yaw': -6.749358177185059, 'stabilizer.pitch': 0.09141615778207779}
[151364][Stabilizer]: {'stabilizer.roll': 1.115742564201355, 'stabilizer.yaw': -6.80399751663208, 'stabilizer.pitch': 0.07098648697137833}
[152364][Stabilizer]: {'stabilizer.roll': 1.1185153722763062, 'stabilizer.yaw': -6.863717555999756, 'stabilizer.pitch': 0.08989830315113068}
[153364][Stabilizer]: {'stabilizer.roll': 1.117870807647705, 'stabilizer.yaw': -6.930815696716309, 'stabilizer.pitch': 0.06891997158527374}
[154364][Stabilizer]: {'stabilizer.roll': 1.114859938621521, 'stabilizer.yaw': -7.000270843505859, 'stabilizer.pitch': 0.05797060579061508}
[155364][Stabilizer]: {'stabilizer.roll': 1.105190634727478, 'stabilizer.yaw': -7.0698113441467285, 'stabilizer.pitch': 0.06153624504804611}
[156364][Stabilizer]: {'stabilizer.roll': 1.10244619846344, 'stabilizer.yaw': -7.143137454986572, 'stabilizer.pitch': 0.06426189839839935}
[157364][Stabilizer]: {'stabilizer.roll': 1.1083035469055176, 'stabilizer.yaw': -7.212078094482422, 'stabilizer.pitch': 0.05063803121447563}
[158364][Stabilizer]: {'stabilizer.roll': 1.0977256298065186, 'stabilizer.yaw': -7.28026008605957, 'stabilizer.pitch': 0.05360059440135956}
[159364][Stabilizer]: {'stabilizer.roll': 1.0977222919464111, 'stabilizer.yaw': -7.350351333618164, 'stabilizer.pitch': 0.07507779449224472}
[160364][Stabilizer]: {'stabilizer.roll': 1.1066687107086182, 'stabilizer.yaw': -7.409392833709717, 'stabilizer.pitch': 0.048975467681884766}
[161364][Stabilizer]: {'stabilizer.roll': 1.0981889963150024, 'stabilizer.yaw': -7.466692924499512, 'stabilizer.pitch': 0.04965565353631973}
[162364][Stabilizer]: {'stabilizer.roll': 1.0921478271484375, 'stabilizer.yaw': -7.536838054656982, 'stabilizer.pitch': 0.06283775717020035}
[163364][Stabilizer]: {'stabilizer.roll': 1.0950356721878052, 'stabilizer.yaw': -7.59091854095459, 'stabilizer.pitch': 0.06818073987960815}
[164364][Stabilizer]: {'stabilizer.roll': 1.1033811569213867, 'stabilizer.yaw': -7.646604061126709, 'stabilizer.pitch': 0.07775171101093292}
[165364][Stabilizer]: {'stabilizer.roll': 1.1062520742416382, 'stabilizer.yaw': -7.702508926391602, 'stabilizer.pitch': 0.06079449877142906}
[166364][Stabilizer]: {'stabilizer.roll': 1.1062225103378296, 'stabilizer.yaw': -7.765116214752197, 'stabilizer.pitch': 0.06331716477870941}
[167364][Stabilizer]: {'stabilizer.roll': 1.1091023683547974, 'stabilizer.yaw': -7.828074932098389, 'stabilizer.pitch': 0.05896589532494545}
[168364][Stabilizer]: {'stabilizer.roll': 1.107297420501709, 'stabilizer.yaw': -7.897820472717285, 'stabilizer.pitch': 0.053117260336875916}
[169364][Stabilizer]: {'stabilizer.roll': 1.1057392358779907, 'stabilizer.yaw': -7.96784782409668, 'stabilizer.pitch': 0.049265943467617035}
[170364][Stabilizer]: {'stabilizer.roll': 1.101243019104004, 'stabilizer.yaw': -8.034199714660645, 'stabilizer.pitch': 0.04696991294622421}
[171364][Stabilizer]: {'stabilizer.roll': 1.0967504978179932, 'stabilizer.yaw': -8.096467971801758, 'stabilizer.pitch': 0.05189507082104683}
[172364][Stabilizer]: {'stabilizer.roll': 1.0874582529067993, 'stabilizer.yaw': -8.162278175354004, 'stabilizer.pitch': 0.05306950584053993}
[173364][Stabilizer]: {'stabilizer.roll': 1.095706820487976, 'stabilizer.yaw': -8.224214553833008, 'stabilizer.pitch': 0.06147834658622742}
[174364][Stabilizer]: {'stabilizer.roll': 1.106218934059143, 'stabilizer.yaw': -8.294055938720703, 'stabilizer.pitch': 0.056743014603853226}
[175364][Stabilizer]: {'stabilizer.roll': 1.1073050498962402, 'stabilizer.yaw': -8.356545448303223, 'stabilizer.pitch': 0.0519106350839138}
[176364][Stabilizer]: {'stabilizer.roll': 1.112637996673584, 'stabilizer.yaw': -8.41627025604248, 'stabilizer.pitch': 0.06416139751672745}
[177364][Stabilizer]: {'stabilizer.roll': 1.1128853559494019, 'stabilizer.yaw': -8.476180076599121, 'stabilizer.pitch': 0.03997352346777916}
[178364][Stabilizer]: {'stabilizer.roll': 1.120212435722351, 'stabilizer.yaw': -8.546489715576172, 'stabilizer.pitch': 0.03196721151471138}
[179364][Stabilizer]: {'stabilizer.roll': 1.115962266921997, 'stabilizer.yaw': -8.615262031555176, 'stabilizer.pitch': 0.04228515550494194}
[180364][Stabilizer]: {'stabilizer.roll': 1.1121909618377686, 'stabilizer.yaw': -8.681144714355469, 'stabilizer.pitch': 0.04076192155480385}
[181364][Stabilizer]: {'stabilizer.roll': 1.1021184921264648, 'stabilizer.yaw': -8.757458686828613, 'stabilizer.pitch': 0.06270462274551392}
[182364][Stabilizer]: {'stabilizer.roll': 1.1078596115112305, 'stabilizer.yaw': -8.818343162536621, 'stabilizer.pitch': 0.039070963859558105}
[183364][Stabilizer]: {'stabilizer.roll': 1.1105070114135742, 'stabilizer.yaw': -8.875482559204102, 'stabilizer.pitch': 0.047498926520347595}
[184364][Stabilizer]: {'stabilizer.roll': 1.10453462600708, 'stabilizer.yaw': -8.948834419250488, 'stabilizer.pitch': 0.05060196295380592}
[185364][Stabilizer]: {'stabilizer.roll': 1.1090052127838135, 'stabilizer.yaw': -9.019018173217773, 'stabilizer.pitch': 0.035333242267370224}
[186364][Stabilizer]: {'stabilizer.roll': 1.115960717201233, 'stabilizer.yaw': -9.096166610717773, 'stabilizer.pitch': 0.04031842201948166}
[187364][Stabilizer]: {'stabilizer.roll': 1.1229077577590942, 'stabilizer.yaw': -9.166239738464355, 'stabilizer.pitch': 0.04230498895049095}
[188364][Stabilizer]: {'stabilizer.roll': 1.1145620346069336, 'stabilizer.yaw': -9.241660118103027, 'stabilizer.pitch': 0.04957088828086853}
[189364][Stabilizer]: {'stabilizer.roll': 1.1103050708770752, 'stabilizer.yaw': -9.311905860900879, 'stabilizer.pitch': 0.078317791223526}ERROR:cflib.crazyflie:Exception while doing callback on port [5]

Traceback (most recent call last):
  File "/home/taste/.local/lib/python3.5/site-packages/cflib/crazyflie/__init__.py", line 386, in run
    cb.callback(pk)
  File "/home/taste/.local/lib/python3.5/site-packages/cflib/crazyflie/log.py", line 556, in _new_packet_cb
    block.unpack_log_data(logdata, timestamp)
  File "/home/taste/.local/lib/python3.5/site-packages/cflib/crazyflie/log.py", line 288, in unpack_log_data
    unpackstring, log_data[data_index:data_index + size])[0]
struct.error: unpack requires a bytes object of length 4

ERROR:cflib.crazyflie:Exception while doing callback on port [5]

Traceback (most recent call last):
  File "/home/taste/.local/lib/python3.5/site-packages/cflib/crazyflie/__init__.py", line 386, in run
    cb.callback(pk)
  File "/home/taste/.local/lib/python3.5/site-packages/cflib/crazyflie/log.py", line 556, in _new_packet_cb
    block.unpack_log_data(logdata, timestamp)
  File "/home/taste/.local/lib/python3.5/site-packages/cflib/crazyflie/log.py", line 288, in unpack_log_data
    unpackstring, log_data[data_index:data_index + size])[0]
struct.error: unpack requires a bytes object of length 4

ERROR:cflib.crazyflie:Exception while doing callback on port [5]

Traceback (most recent call last):
  File "/home/taste/.local/lib/python3.5/site-packages/cflib/crazyflie/__init__.py", line 386, in run
    cb.callback(pk)
  File "/home/taste/.local/lib/python3.5/site-packages/cflib/crazyflie/log.py", line 556, in _new_packet_cb
    block.unpack_log_data(logdata, timestamp)
  File "/home/taste/.local/lib/python3.5/site-packages/cflib/crazyflie/log.py", line 288, in unpack_log_data
    unpackstring, log_data[data_index:data_index + size])[0]
struct.error: unpack requires a bytes object of length 4

ERROR:cflib.crazyflie:Exception while doing callback on port [5]

Traceback (most recent call last):
  File "/home/taste/.local/lib/python3.5/site-packages/cflib/crazyflie/__init__.py", line 386, in run
    cb.callback(pk)
  File "/home/taste/.local/lib/python3.5/site-packages/cflib/crazyflie/log.py", line 556, in _new_packet_cb
    block.unpack_log_data(logdata, timestamp)
  File "/home/taste/.local/lib/python3.5/site-packages/cflib/crazyflie/log.py", line 288, in unpack_log_data
    unpackstring, log_data[data_index:data_index + size])[0]
struct.error: unpack requires a bytes object of length 4

ERROR:cflib.crazyflie:Exception while doing callback on port [5]

Traceback (most recent call last):
  File "/home/taste/.local/lib/python3.5/site-packages/cflib/crazyflie/__init__.py", line 386, in run
    cb.callback(pk)
  File "/home/taste/.local/lib/python3.5/site-packages/cflib/crazyflie/log.py", line 556, in _new_packet_cb
    block.unpack_log_data(logdata, timestamp)
  File "/home/taste/.local/lib/python3.5/site-packages/cflib/crazyflie/log.py", line 288, in unpack_log_data
    unpackstring, log_data[data_index:data_index + size])[0]
struct.error: unpack requires a bytes object of length 4

ERROR:cflib.crazyflie:Exception while doing callback on port [5]

Traceback (most recent call last):
  File "/home/taste/.local/lib/python3.5/site-packages/cflib/crazyflie/__init__.py", line 386, in run
    cb.callback(pk)
  File "/home/taste/.local/lib/python3.5/site-packages/cflib/crazyflie/log.py", line 556, in _new_packet_cb
    block.unpack_log_data(logdata, timestamp)
  File "/home/taste/.local/lib/python3.5/site-packages/cflib/crazyflie/log.py", line 288, in unpack_log_data
    unpackstring, log_data[data_index:data_index + size])[0]
struct.error: unpack requires a bytes object of length 4

ERROR:cflib.crazyflie:Exception while doing callback on port [5]

Traceback (most recent call last):
  File "/home/taste/.local/lib/python3.5/site-packages/cflib/crazyflie/__init__.py", line 386, in run
    cb.callback(pk)
  File "/home/taste/.local/lib/python3.5/site-packages/cflib/crazyflie/log.py", line 556, in _new_packet_cb
    block.unpack_log_data(logdata, timestamp)
  File "/home/taste/.local/lib/python3.5/site-packages/cflib/crazyflie/log.py", line 288, in unpack_log_data
    unpackstring, log_data[data_index:data_index + size])[0]
struct.error: unpack requires a bytes object of length 4

ERROR:cflib.crazyflie:Exception while doing callback on port [5]

Traceback (most recent call last):
  File "/home/taste/.local/lib/python3.5/site-packages/cflib/crazyflie/__init__.py", line 386, in run
    cb.callback(pk)
  File "/home/taste/.local/lib/python3.5/site-packages/cflib/crazyflie/log.py", line 556, in _new_packet_cb
    block.unpack_log_data(logdata, timestamp)
  File "/home/taste/.local/lib/python3.5/site-packages/cflib/crazyflie/log.py", line 288, in unpack_log_data
    unpackstring, log_data[data_index:data_index + size])[0]
struct.error: unpack requires a bytes object of length 4

ERROR:cflib.crazyflie:Exception while doing callback on port [5]

Traceback (most recent call last):
  File "/home/taste/.local/lib/python3.5/site-packages/cflib/crazyflie/__init__.py", line 386, in run
    cb.callback(pk)
  File "/home/taste/.local/lib/python3.5/site-packages/cflib/crazyflie/log.py", line 556, in _new_packet_cb
    block.unpack_log_data(logdata, timestamp)
  File "/home/taste/.local/lib/python3.5/site-packages/cflib/crazyflie/log.py", line 288, in unpack_log_data
    unpackstring, log_data[data_index:data_index + size])[0]
struct.error: unpack requires a bytes object of length 4

ERROR:cflib.crazyflie:Exception while doing callback on port [5]

Traceback (most recent call last):
  File "/home/taste/.local/lib/python3.5/site-packages/cflib/crazyflie/__init__.py", line 386, in run
    cb.callback(pk)
  File "/home/taste/.local/lib/python3.5/site-packages/cflib/crazyflie/log.py", line 556, in _new_packet_cb
    block.unpack_log_data(logdata, timestamp)
  File "/home/taste/.local/lib/python3.5/site-packages/cflib/crazyflie/log.py", line 288, in unpack_log_data
    unpackstring, log_data[data_index:data_index + size])[0]
struct.error: unpack requires a bytes object of length 4

ERROR:cflib.crazyflie:Exception while doing callback on port [5]

Traceback (most recent call last):
  File "/home/taste/.local/lib/python3.5/site-packages/cflib/crazyflie/__init__.py", line 386, in run
    cb.callback(pk)
  File "/home/taste/.local/lib/python3.5/site-packages/cflib/crazyflie/log.py", line 556, in _new_packet_cb
    block.unpack_log_data(logdata, timestamp)
  File "/home/taste/.local/lib/python3.5/site-packages/cflib/crazyflie/log.py", line 288, in unpack_log_data
    unpackstring, log_data[data_index:data_index + size])[0]
struct.error: unpack requires a bytes object of length 4

ERROR:cflib.crazyflie:Exception while doing callback on port [5]

Traceback (most recent call last):
  File "/home/taste/.local/lib/python3.5/site-packages/cflib/crazyflie/__init__.py", line 386, in run
    cb.callback(pk)
  File "/home/taste/.local/lib/python3.5/site-packages/cflib/crazyflie/log.py", line 556, in _new_packet_cb
    block.unpack_log_data(logdata, timestamp)
  File "/home/taste/.local/lib/python3.5/site-packages/cflib/crazyflie/log.py", line 288, in unpack_log_data
    unpackstring, log_data[data_index:data_index + size])[0]
struct.error: unpack requires a bytes object of length 4

ERROR:cflib.crazyflie:Exception while doing callback on port [5]

Traceback (most recent call last):
  File "/home/taste/.local/lib/python3.5/site-packages/cflib/crazyflie/__init__.py", line 386, in run
    cb.callback(pk)
  File "/home/taste/.local/lib/python3.5/site-packages/cflib/crazyflie/log.py", line 556, in _new_packet_cb
    block.unpack_log_data(logdata, timestamp)
  File "/home/taste/.local/lib/python3.5/site-packages/cflib/crazyflie/log.py", line 288, in unpack_log_data
    unpackstring, log_data[data_index:data_index + size])[0]
struct.error: unpack requires a bytes object of length 4

ERROR:cflib.crazyflie:Exception while doing callback on port [5]

Traceback (most recent call last):
  File "/home/taste/.local/lib/python3.5/site-packages/cflib/crazyflie/__init__.py", line 386, in run
    cb.callback(pk)
  File "/home/taste/.local/lib/python3.5/site-packages/cflib/crazyflie/log.py", line 556, in _new_packet_cb
    block.unpack_log_data(logdata, timestamp)
  File "/home/taste/.local/lib/python3.5/site-packages/cflib/crazyflie/log.py", line 288, in unpack_log_data
    unpackstring, log_data[data_index:data_index + size])[0]
struct.error: unpack requires a bytes object of length 4

ERROR:cflib.crazyflie:Exception while doing callback on port [5]

Traceback (most recent call last):
  File "/home/taste/.local/lib/python3.5/site-packages/cflib/crazyflie/__init__.py", line 386, in run
    cb.callback(pk)
  File "/home/taste/.local/lib/python3.5/site-packages/cflib/crazyflie/log.py", line 556, in _new_packet_cb
    block.unpack_log_data(logdata, timestamp)
  File "/home/taste/.local/lib/python3.5/site-packages/cflib/crazyflie/log.py", line 288, in unpack_log_data
    unpackstring, log_data[data_index:data_index + size])[0]
struct.error: unpack requires a bytes object of length 4

ERROR:cflib.crazyflie:Exception while doing callback on port [5]

Traceback (most recent call last):
  File "/home/taste/.local/lib/python3.5/site-packages/cflib/crazyflie/__init__.py", line 386, in run
    cb.callback(pk)
  File "/home/taste/.local/lib/python3.5/site-packages/cflib/crazyflie/log.py", line 556, in _new_packet_cb
    block.unpack_log_data(logdata, timestamp)
  File "/home/taste/.local/lib/python3.5/site-packages/cflib/crazyflie/log.py", line 288, in unpack_log_data
    unpackstring, log_data[data_index:data_index + size])[0]
struct.error: unpack requires a bytes object of length 4

ERROR:cflib.crazyflie:Exception while doing callback on port [5]

Traceback (most recent call last):
  File "/home/taste/.local/lib/python3.5/site-packages/cflib/crazyflie/__init__.py", line 386, in run
    cb.callback(pk)
  File "/home/taste/.local/lib/python3.5/site-packages/cflib/crazyflie/log.py", line 556, in _new_packet_cb
    block.unpack_log_data(logdata, timestamp)
  File "/home/taste/.local/lib/python3.5/site-packages/cflib/crazyflie/log.py", line 288, in unpack_log_data
    unpackstring, log_data[data_index:data_index + size])[0]
struct.error: unpack requires a bytes object of length 4

ERROR:cflib.crazyflie:Exception while doing callback on port [5]

Traceback (most recent call last):
  File "/home/taste/.local/lib/python3.5/site-packages/cflib/crazyflie/__init__.py", line 386, in run
    cb.callback(pk)
  File "/home/taste/.local/lib/python3.5/site-packages/cflib/crazyflie/log.py", line 556, in _new_packet_cb
    block.unpack_log_data(logdata, timestamp)
  File "/home/taste/.local/lib/python3.5/site-packages/cflib/crazyflie/log.py", line 288, in unpack_log_data
    unpackstring, log_data[data_index:data_index + size])[0]
struct.error: unpack requires a bytes object of length 4

ERROR:cflib.crazyflie:Exception while doing callback on port [5]

Traceback (most recent call last):
  File "/home/taste/.local/lib/python3.5/site-packages/cflib/crazyflie/__init__.py", line 386, in run
    cb.callback(pk)
  File "/home/taste/.local/lib/python3.5/site-packages/cflib/crazyflie/log.py", line 556, in _new_packet_cb
    block.unpack_log_data(logdata, timestamp)
  File "/home/taste/.local/lib/python3.5/site-packages/cflib/crazyflie/log.py", line 288, in unpack_log_data
    unpackstring, log_data[data_index:data_index + size])[0]
struct.error: unpack requires a bytes object of length 4

ERROR:cflib.crazyflie:Exception while doing callback on port [5]

Traceback (most recent call last):
  File "/home/taste/.local/lib/python3.5/site-packages/cflib/crazyflie/__init__.py", line 386, in run
    cb.callback(pk)
  File "/home/taste/.local/lib/python3.5/site-packages/cflib/crazyflie/log.py", line 556, in _new_packet_cb
    block.unpack_log_data(logdata, timestamp)
  File "/home/taste/.local/lib/python3.5/site-packages/cflib/crazyflie/log.py", line 288, in unpack_log_data
    unpackstring, log_data[data_index:data_index + size])[0]
struct.error: unpack requires a bytes object of length 4

ERROR:cflib.crazyflie:Exception while doing callback on port [5]

Traceback (most recent call last):
  File "/home/taste/.local/lib/python3.5/site-packages/cflib/crazyflie/__init__.py", line 386, in run
    cb.callback(pk)
  File "/home/taste/.local/lib/python3.5/site-packages/cflib/crazyflie/log.py", line 556, in _new_packet_cb
    block.unpack_log_data(logdata, timestamp)
  File "/home/taste/.local/lib/python3.5/site-packages/cflib/crazyflie/log.py", line 288, in unpack_log_data
    unpackstring, log_data[data_index:data_index + size])[0]
struct.error: unpack requires a bytes object of length 4

ERROR:cflib.crazyflie:Exception while doing callback on port [5]

Traceback (most recent call last):
  File "/home/taste/.local/lib/python3.5/site-packages/cflib/crazyflie/__init__.py", line 386, in run
    cb.callback(pk)
  File "/home/taste/.local/lib/python3.5/site-packages/cflib/crazyflie/log.py", line 556, in _new_packet_cb
    block.unpack_log_data(logdata, timestamp)
  File "/home/taste/.local/lib/python3.5/site-packages/cflib/crazyflie/log.py", line 288, in unpack_log_data
    unpackstring, log_data[data_index:data_index + size])[0]
struct.error: unpack requires a bytes object of length 4

ERROR:cflib.crazyflie:Exception while doing callback on port [5]

Traceback (most recent call last):
  File "/home/taste/.local/lib/python3.5/site-packages/cflib/crazyflie/__init__.py", line 386, in run
    cb.callback(pk)
  File "/home/taste/.local/lib/python3.5/site-packages/cflib/crazyflie/log.py", line 556, in _new_packet_cb
    block.unpack_log_data(logdata, timestamp)
  File "/home/taste/.local/lib/python3.5/site-packages/cflib/crazyflie/log.py", line 288, in unpack_log_data
    unpackstring, log_data[data_index:data_index + size])[0]
struct.error: unpack requires a bytes object of length 4

/home/taste/Documents/FlyingTasters/PythonSocketServer/runSocketServer.sh: line 3: activate: No such file or directory
Traceback (most recent call last):
  File "/home/taste/Documents/FlyingTasters/PythonSocketServer/myBasiclogAndRampWithSocketServerC.py", line 161, in <module>
    mySocket.bind((HOST, PORT))
OSError: [Errno 98] Address already in use
end of runSocketServer script
ERROR:cflib.crazyflie:Exception while doing callback on port [5]

Traceback (most recent call last):
  File "/home/taste/.local/lib/python3.5/site-packages/cflib/crazyflie/__init__.py", line 386, in run
    cb.callback(pk)
  File "/home/taste/.local/lib/python3.5/site-packages/cflib/crazyflie/log.py", line 556, in _new_packet_cb
    block.unpack_log_data(logdata, timestamp)
  File "/home/taste/.local/lib/python3.5/site-packages/cflib/crazyflie/log.py", line 288, in unpack_log_data
    unpackstring, log_data[data_index:data_index + size])[0]
struct.error: unpack requires a bytes object of length 4

ERROR:cflib.crazyflie:Exception while doing callback on port [5]

Traceback (most recent call last):
  File "/home/taste/.local/lib/python3.5/site-packages/cflib/crazyflie/__init__.py", line 386, in run
    cb.callback(pk)
  File "/home/taste/.local/lib/python3.5/site-packages/cflib/crazyflie/log.py", line 556, in _new_packet_cb
    block.unpack_log_data(logdata, timestamp)
  File "/home/taste/.local/lib/python3.5/site-packages/cflib/crazyflie/log.py", line 288, in unpack_log_data
    unpackstring, log_data[data_index:data_index + size])[0]
struct.error: unpack requires a bytes object of length 4

ERROR:cflib.crazyflie:Exception while doing callback on port [5]

Traceback (most recent call last):
  File "/home/taste/.local/lib/python3.5/site-packages/cflib/crazyflie/__init__.py", line 386, in run
    cb.callback(pk)
  File "/home/taste/.local/lib/python3.5/site-packages/cflib/crazyflie/log.py", line 556, in _new_packet_cb
    block.unpack_log_data(logdata, timestamp)
  File "/home/taste/.local/lib/python3.5/site-packages/cflib/crazyflie/log.py", line 288, in unpack_log_data
    unpackstring, log_data[data_index:data_index + size])[0]
struct.error: unpack requires a bytes object of length 4

ERROR:cflib.crazyflie:Exception while doing callback on port [5]

Traceback (most recent call last):
  File "/home/taste/.local/lib/python3.5/site-packages/cflib/crazyflie/__init__.py", line 386, in run
    cb.callback(pk)
  File "/home/taste/.local/lib/python3.5/site-packages/cflib/crazyflie/log.py", line 556, in _new_packet_cb
    block.unpack_log_data(logdata, timestamp)
  File "/home/taste/.local/lib/python3.5/site-packages/cflib/crazyflie/log.py", line 288, in unpack_log_data
    unpackstring, log_data[data_index:data_index + size])[0]
struct.error: unpack requires a bytes object of length 4

ERROR:cflib.crazyflie:Exception while doing callback on port [5]

Traceback (most recent call last):
  File "/home/taste/.local/lib/python3.5/site-packages/cflib/crazyflie/__init__.py", line 386, in run
    cb.callback(pk)
  File "/home/taste/.local/lib/python3.5/site-packages/cflib/crazyflie/log.py", line 556, in _new_packet_cb
    block.unpack_log_data(logdata, timestamp)
  File "/home/taste/.local/lib/python3.5/site-packages/cflib/crazyflie/log.py", line 288, in unpack_log_data
    unpackstring, log_data[data_index:data_index + size])[0]
struct.error: unpack requires a bytes object of length 4

ERROR:cflib.crazyflie:Exception while doing callback on port [5]

Traceback (most recent call last):
  File "/home/taste/.local/lib/python3.5/site-packages/cflib/crazyflie/__init__.py", line 386, in run
    cb.callback(pk)
  File "/home/taste/.local/lib/python3.5/site-packages/cflib/crazyflie/log.py", line 556, in _new_packet_cb
    block.unpack_log_data(logdata, timestamp)
  File "/home/taste/.local/lib/python3.5/site-packages/cflib/crazyflie/log.py", line 288, in unpack_log_data
    unpackstring, log_data[data_index:data_index + size])[0]
struct.error: unpack requires a bytes object of length 4

ERROR:cflib.crazyflie:Exception while doing callback on port [5]

Traceback (most recent call last):
  File "/home/taste/.local/lib/python3.5/site-packages/cflib/crazyflie/__init__.py", line 386, in run
    cb.callback(pk)
  File "/home/taste/.local/lib/python3.5/site-packages/cflib/crazyflie/log.py", line 556, in _new_packet_cb
    block.unpack_log_data(logdata, timestamp)
  File "/home/taste/.local/lib/python3.5/site-packages/cflib/crazyflie/log.py", line 288, in unpack_log_data
    unpackstring, log_data[data_index:data_index + size])[0]
struct.error: unpack requires a bytes object of length 4

ERROR:cflib.crazyflie:Exception while doing callback on port [5]

Traceback (most recent call last):
  File "/home/taste/.local/lib/python3.5/site-packages/cflib/crazyflie/__init__.py", line 386, in run
    cb.callback(pk)
  File "/home/taste/.local/lib/python3.5/site-packages/cflib/crazyflie/log.py", line 556, in _new_packet_cb
    block.unpack_log_data(logdata, timestamp)
  File "/home/taste/.local/lib/python3.5/site-packages/cflib/crazyflie/log.py", line 288, in unpack_log_data
    unpackstring, log_data[data_index:data_index + size])[0]
struct.error: unpack requires a bytes object of length 4

ERROR:cflib.crazyflie:Exception while doing callback on port [5]

Traceback (most recent call last):
  File "/home/taste/.local/lib/python3.5/site-packages/cflib/crazyflie/__init__.py", line 386, in run
    cb.callback(pk)
  File "/home/taste/.local/lib/python3.5/site-packages/cflib/crazyflie/log.py", line 556, in _new_packet_cb
    block.unpack_log_data(logdata, timestamp)
  File "/home/taste/.local/lib/python3.5/site-packages/cflib/crazyflie/log.py", line 288, in unpack_log_data
    unpackstring, log_data[data_index:data_index + size])[0]
struct.error: unpack requires a bytes object of length 4

ERROR:cflib.crazyflie:Exception while doing callback on port [5]

Traceback (most recent call last):
  File "/home/taste/.local/lib/python3.5/site-packages/cflib/crazyflie/__init__.py", line 386, in run
    cb.callback(pk)
  File "/home/taste/.local/lib/python3.5/site-packages/cflib/crazyflie/log.py", line 556, in _new_packet_cb
    block.unpack_log_data(logdata, timestamp)
  File "/home/taste/.local/lib/python3.5/site-packages/cflib/crazyflie/log.py", line 288, in unpack_log_data
    unpackstring, log_data[data_index:data_index + size])[0]
struct.error: unpack requires a bytes object of length 4

ERROR:cflib.crazyflie:Exception while doing callback on port [5]

Traceback (most recent call last):
  File "/home/taste/.local/lib/python3.5/site-packages/cflib/crazyflie/__init__.py", line 386, in run
    cb.callback(pk)
  File "/home/taste/.local/lib/python3.5/site-packages/cflib/crazyflie/log.py", line 556, in _new_packet_cb
    block.unpack_log_data(logdata, timestamp)
  File "/home/taste/.local/lib/python3.5/site-packages/cflib/crazyflie/log.py", line 288, in unpack_log_data
    unpackstring, log_data[data_index:data_index + size])[0]
struct.error: unpack requires a bytes object of length 4

ERROR:cflib.crazyflie:Exception while doing callback on port [5]

Traceback (most recent call last):
  File "/home/taste/.local/lib/python3.5/site-packages/cflib/crazyflie/__init__.py", line 386, in run
    cb.callback(pk)
  File "/home/taste/.local/lib/python3.5/site-packages/cflib/crazyflie/log.py", line 556, in _new_packet_cb
    block.unpack_log_data(logdata, timestamp)
  File "/home/taste/.local/lib/python3.5/site-packages/cflib/crazyflie/log.py", line 288, in unpack_log_data
    unpackstring, log_data[data_index:data_index + size])[0]
struct.error: unpack requires a bytes object of length 4

ERROR:cflib.crazyflie:Exception while doing callback on port [5]

Traceback (most recent call last):
  File "/home/taste/.local/lib/python3.5/site-packages/cflib/crazyflie/__init__.py", line 386, in run
    cb.callback(pk)
  File "/home/taste/.local/lib/python3.5/site-packages/cflib/crazyflie/log.py", line 556, in _new_packet_cb
    block.unpack_log_data(logdata, timestamp)
  File "/home/taste/.local/lib/python3.5/site-packages/cflib/crazyflie/log.py", line 288, in unpack_log_data
    unpackstring, log_data[data_index:data_index + size])[0]
struct.error: unpack requires a bytes object of length 4

ERROR:cflib.crazyflie:Exception while doing callback on port [5]

Traceback (most recent call last):
  File "/home/taste/.local/lib/python3.5/site-packages/cflib/crazyflie/__init__.py", line 386, in run
    cb.callback(pk)
  File "/home/taste/.local/lib/python3.5/site-packages/cflib/crazyflie/log.py", line 556, in _new_packet_cb
    block.unpack_log_data(logdata, timestamp)
  File "/home/taste/.local/lib/python3.5/site-packages/cflib/crazyflie/log.py", line 288, in unpack_log_data
    unpackstring, log_data[data_index:data_index + size])[0]
struct.error: unpack requires a bytes object of length 4

ERROR:cflib.crazyflie:Exception while doing callback on port [5]

Traceback (most recent call last):
  File "/home/taste/.local/lib/python3.5/site-packages/cflib/crazyflie/__init__.py", line 386, in run
    cb.callback(pk)
  File "/home/taste/.local/lib/python3.5/site-packages/cflib/crazyflie/log.py", line 556, in _new_packet_cb
    block.unpack_log_data(logdata, timestamp)
  File "/home/taste/.local/lib/python3.5/site-packages/cflib/crazyflie/log.py", line 288, in unpack_log_data
    unpackstring, log_data[data_index:data_index + size])[0]
struct.error: unpack requires a bytes object of length 4

ERROR:cflib.crazyflie:Exception while doing callback on port [5]

Traceback (most recent call last):
  File "/home/taste/.local/lib/python3.5/site-packages/cflib/crazyflie/__init__.py", line 386, in run
    cb.callback(pk)
  File "/home/taste/.local/lib/python3.5/site-packages/cflib/crazyflie/log.py", line 556, in _new_packet_cb
    block.unpack_log_data(logdata, timestamp)
  File "/home/taste/.local/lib/python3.5/site-packages/cflib/crazyflie/log.py", line 288, in unpack_log_data
    unpackstring, log_data[data_index:data_index + size])[0]
struct.error: unpack requires a bytes object of length 4

ERROR:cflib.crazyflie:Exception while doing callback on port [5]

Traceback (most recent call last):
  File "/home/taste/.local/lib/python3.5/site-packages/cflib/crazyflie/__init__.py", line 386, in run
    cb.callback(pk)
  File "/home/taste/.local/lib/python3.5/site-packages/cflib/crazyflie/log.py", line 556, in _new_packet_cb
    block.unpack_log_data(logdata, timestamp)
  File "/home/taste/.local/lib/python3.5/site-packages/cflib/crazyflie/log.py", line 288, in unpack_log_data
    unpackstring, log_data[data_index:data_index + size])[0]
struct.error: unpack requires a bytes object of length 4

ERROR:cflib.crazyflie:Exception while doing callback on port [5]

Traceback (most recent call last):
  File "/home/taste/.local/lib/python3.5/site-packages/cflib/crazyflie/__init__.py", line 386, in run
    cb.callback(pk)
  File "/home/taste/.local/lib/python3.5/site-packages/cflib/crazyflie/log.py", line 556, in _new_packet_cb
    block.unpack_log_data(logdata, timestamp)
  File "/home/taste/.local/lib/python3.5/site-packages/cflib/crazyflie/log.py", line 288, in unpack_log_data
    unpackstring, log_data[data_index:data_index + size])[0]
struct.error: unpack requires a bytes object of length 4

ERROR:cflib.crazyflie:Exception while doing callback on port [5]

Traceback (most recent call last):
  File "/home/taste/.local/lib/python3.5/site-packages/cflib/crazyflie/__init__.py", line 386, in run
    cb.callback(pk)
  File "/home/taste/.local/lib/python3.5/site-packages/cflib/crazyflie/log.py", line 556, in _new_packet_cb
    block.unpack_log_data(logdata, timestamp)
  File "/home/taste/.local/lib/python3.5/site-packages/cflib/crazyflie/log.py", line 288, in unpack_log_data
    unpackstring, log_data[data_index:data_index + size])[0]
struct.error: unpack requires a bytes object of length 4

ERROR:cflib.crazyflie:Exception while doing callback on port [5]

Traceback (most recent call last):
  File "/home/taste/.local/lib/python3.5/site-packages/cflib/crazyflie/__init__.py", line 386, in run
    cb.callback(pk)
  File "/home/taste/.local/lib/python3.5/site-packages/cflib/crazyflie/log.py", line 556, in _new_packet_cb
    block.unpack_log_data(logdata, timestamp)
  File "/home/taste/.local/lib/python3.5/site-packages/cflib/crazyflie/log.py", line 288, in unpack_log_data
    unpackstring, log_data[data_index:data_index + size])[0]
struct.error: unpack requires a bytes object of length 4

ERROR:cflib.crazyflie:Exception while doing callback on port [5]

Traceback (most recent call last):
  File "/home/taste/.local/lib/python3.5/site-packages/cflib/crazyflie/__init__.py", line 386, in run
    cb.callback(pk)
  File "/home/taste/.local/lib/python3.5/site-packages/cflib/crazyflie/log.py", line 556, in _new_packet_cb
    block.unpack_log_data(logdata, timestamp)
  File "/home/taste/.local/lib/python3.5/site-packages/cflib/crazyflie/log.py", line 288, in unpack_log_data
    unpackstring, log_data[data_index:data_index + size])[0]
struct.error: unpack requires a bytes object of length 4

ERROR:cflib.crazyflie:Exception while doing callback on port [5]

Traceback (most recent call last):
  File "/home/taste/.local/lib/python3.5/site-packages/cflib/crazyflie/__init__.py", line 386, in run
    cb.callback(pk)
  File "/home/taste/.local/lib/python3.5/site-packages/cflib/crazyflie/log.py", line 556, in _new_packet_cb
    block.unpack_log_data(logdata, timestamp)
  File "/home/taste/.local/lib/python3.5/site-packages/cflib/crazyflie/log.py", line 288, in unpack_log_data
    unpackstring, log_data[data_index:data_index + size])[0]
struct.error: unpack requires a bytes object of length 4

ERROR:cflib.crazyflie:Exception while doing callback on port [5]

Traceback (most recent call last):
  File "/home/taste/.local/lib/python3.5/site-packages/cflib/crazyflie/__init__.py", line 386, in run
    cb.callback(pk)
  File "/home/taste/.local/lib/python3.5/site-packages/cflib/crazyflie/log.py", line 556, in _new_packet_cb
    block.unpack_log_data(logdata, timestamp)
  File "/home/taste/.local/lib/python3.5/site-packages/cflib/crazyflie/log.py", line 288, in unpack_log_data
    unpackstring, log_data[data_index:data_index + size])[0]
struct.error: unpack requires a bytes object of length 4

ERROR:cflib.crazyflie:Exception while doing callback on port [5]

Traceback (most recent call last):
  File "/home/taste/.local/lib/python3.5/site-packages/cflib/crazyflie/__init__.py", line 386, in run
    cb.callback(pk)
  File "/home/taste/.local/lib/python3.5/site-packages/cflib/crazyflie/log.py", line 556, in _new_packet_cb
    block.unpack_log_data(logdata, timestamp)
  File "/home/taste/.local/lib/python3.5/site-packages/cflib/crazyflie/log.py", line 288, in unpack_log_data
    unpackstring, log_data[data_index:data_index + size])[0]
struct.error: unpack requires a bytes object of length 4

ERROR:cflib.crazyflie:Exception while doing callback on port [5]

Traceback (most recent call last):
  File "/home/taste/.local/lib/python3.5/site-packages/cflib/crazyflie/__init__.py", line 386, in run
    cb.callback(pk)
  File "/home/taste/.local/lib/python3.5/site-packages/cflib/crazyflie/log.py", line 556, in _new_packet_cb
    block.unpack_log_data(logdata, timestamp)
  File "/home/taste/.local/lib/python3.5/site-packages/cflib/crazyflie/log.py", line 288, in unpack_log_data
    unpackstring, log_data[data_index:data_index + size])[0]
struct.error: unpack requires a bytes object of length 4

ERROR:cflib.crazyflie:Exception while doing callback on port [5]

Traceback (most recent call last):
  File "/home/taste/.local/lib/python3.5/site-packages/cflib/crazyflie/__init__.py", line 386, in run
    cb.callback(pk)
  File "/home/taste/.local/lib/python3.5/site-packages/cflib/crazyflie/log.py", line 556, in _new_packet_cb
    block.unpack_log_data(logdata, timestamp)
  File "/home/taste/.local/lib/python3.5/site-packages/cflib/crazyflie/log.py", line 288, in unpack_log_data
    unpackstring, log_data[data_index:data_index + size])[0]
struct.error: unpack requires a bytes object of length 4

ERROR:cflib.crazyflie:Exception while doing callback on port [5]

Traceback (most recent call last):
  File "/home/taste/.local/lib/python3.5/site-packages/cflib/crazyflie/__init__.py", line 386, in run
    cb.callback(pk)
  File "/home/taste/.local/lib/python3.5/site-packages/cflib/crazyflie/log.py", line 556, in _new_packet_cb
    block.unpack_log_data(logdata, timestamp)
  File "/home/taste/.local/lib/python3.5/site-packages/cflib/crazyflie/log.py", line 288, in unpack_log_data
    unpackstring, log_data[data_index:data_index + size])[0]
struct.error: unpack requires a bytes object of length 4

ERROR:cflib.crazyflie:Exception while doing callback on port [5]

Traceback (most recent call last):
  File "/home/taste/.local/lib/python3.5/site-packages/cflib/crazyflie/__init__.py", line 386, in run
    cb.callback(pk)
  File "/home/taste/.local/lib/python3.5/site-packages/cflib/crazyflie/log.py", line 556, in _new_packet_cb
    block.unpack_log_data(logdata, timestamp)
  File "/home/taste/.local/lib/python3.5/site-packages/cflib/crazyflie/log.py", line 288, in unpack_log_data
    unpackstring, log_data[data_index:data_index + size])[0]
struct.error: unpack requires a bytes object of length 4

ERROR:cflib.crazyflie:Exception while doing callback on port [5]

Traceback (most recent call last):
  File "/home/taste/.local/lib/python3.5/site-packages/cflib/crazyflie/__init__.py", line 386, in run
    cb.callback(pk)
  File "/home/taste/.local/lib/python3.5/site-packages/cflib/crazyflie/log.py", line 556, in _new_packet_cb
    block.unpack_log_data(logdata, timestamp)
  File "/home/taste/.local/lib/python3.5/site-packages/cflib/crazyflie/log.py", line 288, in unpack_log_data
    unpackstring, log_data[data_index:data_index + size])[0]
struct.error: unpack requires a bytes object of length 4

ERROR:cflib.crazyflie:Exception while doing callback on port [5]

Traceback (most recent call last):
  File "/home/taste/.local/lib/python3.5/site-packages/cflib/crazyflie/__init__.py", line 386, in run
    cb.callback(pk)
  File "/home/taste/.local/lib/python3.5/site-packages/cflib/crazyflie/log.py", line 556, in _new_packet_cb
    block.unpack_log_data(logdata, timestamp)
  File "/home/taste/.local/lib/python3.5/site-packages/cflib/crazyflie/log.py", line 288, in unpack_log_data
    unpackstring, log_data[data_index:data_index + size])[0]
struct.error: unpack requires a bytes object of length 4

ERROR:cflib.crazyflie:Exception while doing callback on port [5]

Traceback (most recent call last):
  File "/home/taste/.local/lib/python3.5/site-packages/cflib/crazyflie/__init__.py", line 386, in run
    cb.callback(pk)
  File "/home/taste/.local/lib/python3.5/site-packages/cflib/crazyflie/log.py", line 556, in _new_packet_cb
    block.unpack_log_data(logdata, timestamp)
  File "/home/taste/.local/lib/python3.5/site-packages/cflib/crazyflie/log.py", line 288, in unpack_log_data
    unpackstring, log_data[data_index:data_index + size])[0]
struct.error: unpack requires a bytes object of length 4

ERROR:cflib.crazyflie:Exception while doing callback on port [5]

Traceback (most recent call last):
  File "/home/taste/.local/lib/python3.5/site-packages/cflib/crazyflie/__init__.py", line 386, in run
    cb.callback(pk)
  File "/home/taste/.local/lib/python3.5/site-packages/cflib/crazyflie/log.py", line 556, in _new_packet_cb
    block.unpack_log_data(logdata, timestamp)
  File "/home/taste/.local/lib/python3.5/site-packages/cflib/crazyflie/log.py", line 288, in unpack_log_data
    unpackstring, log_data[data_index:data_index + size])[0]
struct.error: unpack requires a bytes object of length 4

ERROR:cflib.crazyflie:Exception while doing callback on port [5]

Traceback (most recent call last):
  File "/home/taste/.local/lib/python3.5/site-packages/cflib/crazyflie/__init__.py", line 386, in run
    cb.callback(pk)
  File "/home/taste/.local/lib/python3.5/site-packages/cflib/crazyflie/log.py", line 556, in _new_packet_cb
    block.unpack_log_data(logdata, timestamp)
  File "/home/taste/.local/lib/python3.5/site-packages/cflib/crazyflie/log.py", line 288, in unpack_log_data
    unpackstring, log_data[data_index:data_index + size])[0]
struct.error: unpack requires a bytes object of length 4

ERROR:cflib.crazyflie:Exception while doing callback on port [5]

Traceback (most recent call last):
  File "/home/taste/.local/lib/python3.5/site-packages/cflib/crazyflie/__init__.py", line 386, in run
    cb.callback(pk)
  File "/home/taste/.local/lib/python3.5/site-packages/cflib/crazyflie/log.py", line 556, in _new_packet_cb
    block.unpack_log_data(logdata, timestamp)
  File "/home/taste/.local/lib/python3.5/site-packages/cflib/crazyflie/log.py", line 288, in unpack_log_data
    unpackstring, log_data[data_index:data_index + size])[0]
struct.error: unpack requires a bytes object of length 4

ERROR:cflib.crazyflie:Exception while doing callback on port [5]

Traceback (most recent call last):
  File "/home/taste/.local/lib/python3.5/site-packages/cflib/crazyflie/__init__.py", line 386, in run
    cb.callback(pk)
  File "/home/taste/.local/lib/python3.5/site-packages/cflib/crazyflie/log.py", line 556, in _new_packet_cb
    block.unpack_log_data(logdata, timestamp)
  File "/home/taste/.local/lib/python3.5/site-packages/cflib/crazyflie/log.py", line 288, in unpack_log_data
    unpackstring, log_data[data_index:data_index + size])[0]
struct.error: unpack requires a bytes object of length 4

ERROR:cflib.crazyflie:Exception while doing callback on port [5]

Traceback (most recent call last):
  File "/home/taste/.local/lib/python3.5/site-packages/cflib/crazyflie/__init__.py", line 386, in run
    cb.callback(pk)
  File "/home/taste/.local/lib/python3.5/site-packages/cflib/crazyflie/log.py", line 556, in _new_packet_cb
    block.unpack_log_data(logdata, timestamp)
  File "/home/taste/.local/lib/python3.5/site-packages/cflib/crazyflie/log.py", line 288, in unpack_log_data
    unpackstring, log_data[data_index:data_index + size])[0]
struct.error: unpack requires a bytes object of length 4

ERROR:cflib.crazyflie:Exception while doing callback on port [5]

Traceback (most recent call last):
  File "/home/taste/.local/lib/python3.5/site-packages/cflib/crazyflie/__init__.py", line 386, in run
    cb.callback(pk)
  File "/home/taste/.local/lib/python3.5/site-packages/cflib/crazyflie/log.py", line 556, in _new_packet_cb
    block.unpack_log_data(logdata, timestamp)
  File "/home/taste/.local/lib/python3.5/site-packages/cflib/crazyflie/log.py", line 288, in unpack_log_data
    unpackstring, log_data[data_index:data_index + size])[0]
struct.error: unpack requires a bytes object of length 4

ERROR:cflib.crazyflie:Exception while doing callback on port [5]

Traceback (most recent call last):
  File "/home/taste/.local/lib/python3.5/site-packages/cflib/crazyflie/__init__.py", line 386, in run
    cb.callback(pk)
  File "/home/taste/.local/lib/python3.5/site-packages/cflib/crazyflie/log.py", line 556, in _new_packet_cb
    block.unpack_log_data(logdata, timestamp)
  File "/home/taste/.local/lib/python3.5/site-packages/cflib/crazyflie/log.py", line 288, in unpack_log_data
    unpackstring, log_data[data_index:data_index + size])[0]
struct.error: unpack requires a bytes object of length 4

ERROR:cflib.crazyflie:Exception while doing callback on port [5]

Traceback (most recent call last):
  File "/home/taste/.local/lib/python3.5/site-packages/cflib/crazyflie/__init__.py", line 386, in run
    cb.callback(pk)
  File "/home/taste/.local/lib/python3.5/site-packages/cflib/crazyflie/log.py", line 556, in _new_packet_cb
    block.unpack_log_data(logdata, timestamp)
  File "/home/taste/.local/lib/python3.5/site-packages/cflib/crazyflie/log.py", line 288, in unpack_log_data
    unpackstring, log_data[data_index:data_index + size])[0]
struct.error: unpack requires a bytes object of length 4

ERROR:cflib.crazyflie:Exception while doing callback on port [5]

Traceback (most recent call last):
  File "/home/taste/.local/lib/python3.5/site-packages/cflib/crazyflie/__init__.py", line 386, in run
    cb.callback(pk)
  File "/home/taste/.local/lib/python3.5/site-packages/cflib/crazyflie/log.py", line 556, in _new_packet_cb
    block.unpack_log_data(logdata, timestamp)
  File "/home/taste/.local/lib/python3.5/site-packages/cflib/crazyflie/log.py", line 288, in unpack_log_data
    unpackstring, log_data[data_index:data_index + size])[0]
struct.error: unpack requires a bytes object of length 4

ERROR:cflib.crazyflie:Exception while doing callback on port [5]

Traceback (most recent call last):
  File "/home/taste/.local/lib/python3.5/site-packages/cflib/crazyflie/__init__.py", line 386, in run
    cb.callback(pk)
  File "/home/taste/.local/lib/python3.5/site-packages/cflib/crazyflie/log.py", line 556, in _new_packet_cb
    block.unpack_log_data(logdata, timestamp)
  File "/home/taste/.local/lib/python3.5/site-packages/cflib/crazyflie/log.py", line 288, in unpack_log_data
    unpackstring, log_data[data_index:data_index + size])[0]
struct.error: unpack requires a bytes object of length 4

ERROR:cflib.crazyflie:Exception while doing callback on port [5]

Traceback (most recent call last):
  File "/home/taste/.local/lib/python3.5/site-packages/cflib/crazyflie/__init__.py", line 386, in run
    cb.callback(pk)
  File "/home/taste/.local/lib/python3.5/site-packages/cflib/crazyflie/log.py", line 556, in _new_packet_cb
    block.unpack_log_data(logdata, timestamp)
  File "/home/taste/.local/lib/python3.5/site-packages/cflib/crazyflie/log.py", line 288, in unpack_log_data
    unpackstring, log_data[data_index:data_index + size])[0]
struct.error: unpack requires a bytes object of length 4

ERROR:cflib.crazyflie:Exception while doing callback on port [5]

Traceback (most recent call last):
  File "/home/taste/.local/lib/python3.5/site-packages/cflib/crazyflie/__init__.py", line 386, in run
    cb.callback(pk)
  File "/home/taste/.local/lib/python3.5/site-packages/cflib/crazyflie/log.py", line 556, in _new_packet_cb
    block.unpack_log_data(logdata, timestamp)
  File "/home/taste/.local/lib/python3.5/site-packages/cflib/crazyflie/log.py", line 288, in unpack_log_data
    unpackstring, log_data[data_index:data_index + size])[0]
struct.error: unpack requires a bytes object of length 4

ERROR:cflib.crazyflie:Exception while doing callback on port [5]

Traceback (most recent call last):
  File "/home/taste/.local/lib/python3.5/site-packages/cflib/crazyflie/__init__.py", line 386, in run
    cb.callback(pk)
  File "/home/taste/.local/lib/python3.5/site-packages/cflib/crazyflie/log.py", line 556, in _new_packet_cb
    block.unpack_log_data(logdata, timestamp)
  File "/home/taste/.local/lib/python3.5/site-packages/cflib/crazyflie/log.py", line 288, in unpack_log_data
    unpackstring, log_data[data_index:data_index + size])[0]
struct.error: unpack requires a bytes object of length 4

ERROR:cflib.crazyflie:Exception while doing callback on port [5]

Traceback (most recent call last):
  File "/home/taste/.local/lib/python3.5/site-packages/cflib/crazyflie/__init__.py", line 386, in run
    cb.callback(pk)
  File "/home/taste/.local/lib/python3.5/site-packages/cflib/crazyflie/log.py", line 556, in _new_packet_cb
    block.unpack_log_data(logdata, timestamp)
  File "/home/taste/.local/lib/python3.5/site-packages/cflib/crazyflie/log.py", line 288, in unpack_log_data
    unpackstring, log_data[data_index:data_index + size])[0]
struct.error: unpack requires a bytes object of length 4

ERROR:cflib.crazyflie:Exception while doing callback on port [5]

Traceback (most recent call last):
  File "/home/taste/.local/lib/python3.5/site-packages/cflib/crazyflie/__init__.py", line 386, in run
    cb.callback(pk)
  File "/home/taste/.local/lib/python3.5/site-packages/cflib/crazyflie/log.py", line 556, in _new_packet_cb
    block.unpack_log_data(logdata, timestamp)
  File "/home/taste/.local/lib/python3.5/site-packages/cflib/crazyflie/log.py", line 288, in unpack_log_data
    unpackstring, log_data[data_index:data_index + size])[0]
struct.error: unpack requires a bytes object of length 4

ERROR:cflib.crazyflie:Exception while doing callback on port [5]

Traceback (most recent call last):
  File "/home/taste/.local/lib/python3.5/site-packages/cflib/crazyflie/__init__.py", line 386, in run
    cb.callback(pk)
  File "/home/taste/.local/lib/python3.5/site-packages/cflib/crazyflie/log.py", line 556, in _new_packet_cb
    block.unpack_log_data(logdata, timestamp)
  File "/home/taste/.local/lib/python3.5/site-packages/cflib/crazyflie/log.py", line 288, in unpack_log_data
    unpackstring, log_data[data_index:data_index + size])[0]
struct.error: unpack requires a bytes object of length 4

ERROR:cflib.crazyflie:Exception while doing callback on port [5]

Traceback (most recent call last):
  File "/home/taste/.local/lib/python3.5/site-packages/cflib/crazyflie/__init__.py", line 386, in run
    cb.callback(pk)
  File "/home/taste/.local/lib/python3.5/site-packages/cflib/crazyflie/log.py", line 556, in _new_packet_cb
    block.unpack_log_data(logdata, timestamp)
  File "/home/taste/.local/lib/python3.5/site-packages/cflib/crazyflie/log.py", line 288, in unpack_log_data
    unpackstring, log_data[data_index:data_index + size])[0]
struct.error: unpack requires a bytes object of length 4

ERROR:cflib.crazyflie:Exception while doing callback on port [5]

Traceback (most recent call last):
  File "/home/taste/.local/lib/python3.5/site-packages/cflib/crazyflie/__init__.py", line 386, in run
    cb.callback(pk)
  File "/home/taste/.local/lib/python3.5/site-packages/cflib/crazyflie/log.py", line 556, in _new_packet_cb
    block.unpack_log_data(logdata, timestamp)
  File "/home/taste/.local/lib/python3.5/site-packages/cflib/crazyflie/log.py", line 288, in unpack_log_data
    unpackstring, log_data[data_index:data_index + size])[0]
struct.error: unpack requires a bytes object of length 4

ERROR:cflib.crazyflie:Exception while doing callback on port [5]

Traceback (most recent call last):
  File "/home/taste/.local/lib/python3.5/site-packages/cflib/crazyflie/__init__.py", line 386, in run
    cb.callback(pk)
  File "/home/taste/.local/lib/python3.5/site-packages/cflib/crazyflie/log.py", line 556, in _new_packet_cb
    block.unpack_log_data(logdata, timestamp)
  File "/home/taste/.local/lib/python3.5/site-packages/cflib/crazyflie/log.py", line 288, in unpack_log_data
    unpackstring, log_data[data_index:data_index + size])[0]
struct.error: unpack requires a bytes object of length 4

ERROR:cflib.crazyflie:Exception while doing callback on port [5]

Traceback (most recent call last):
  File "/home/taste/.local/lib/python3.5/site-packages/cflib/crazyflie/__init__.py", line 386, in run
    cb.callback(pk)
  File "/home/taste/.local/lib/python3.5/site-packages/cflib/crazyflie/log.py", line 556, in _new_packet_cb
    block.unpack_log_data(logdata, timestamp)
  File "/home/taste/.local/lib/python3.5/site-packages/cflib/crazyflie/log.py", line 288, in unpack_log_data
    unpackstring, log_data[data_index:data_index + size])[0]
struct.error: unpack requires a bytes object of length 4

ERROR:cflib.crazyflie:Exception while doing callback on port [5]

Traceback (most recent call last):
  File "/home/taste/.local/lib/python3.5/site-packages/cflib/crazyflie/__init__.py", line 386, in run
    cb.callback(pk)
  File "/home/taste/.local/lib/python3.5/site-packages/cflib/crazyflie/log.py", line 556, in _new_packet_cb
    block.unpack_log_data(logdata, timestamp)
  File "/home/taste/.local/lib/python3.5/site-packages/cflib/crazyflie/log.py", line 288, in unpack_log_data
    unpackstring, log_data[data_index:data_index + size])[0]
struct.error: unpack requires a bytes object of length 4

ERROR:cflib.crazyflie:Exception while doing callback on port [5]

Traceback (most recent call last):
  File "/home/taste/.local/lib/python3.5/site-packages/cflib/crazyflie/__init__.py", line 386, in run
    cb.callback(pk)
  File "/home/taste/.local/lib/python3.5/site-packages/cflib/crazyflie/log.py", line 556, in _new_packet_cb
    block.unpack_log_data(logdata, timestamp)
  File "/home/taste/.local/lib/python3.5/site-packages/cflib/crazyflie/log.py", line 288, in unpack_log_data
    unpackstring, log_data[data_index:data_index + size])[0]
struct.error: unpack requires a bytes object of length 4

ERROR:cflib.crazyflie:Exception while doing callback on port [5]

Traceback (most recent call last):
  File "/home/taste/.local/lib/python3.5/site-packages/cflib/crazyflie/__init__.py", line 386, in run
    cb.callback(pk)
  File "/home/taste/.local/lib/python3.5/site-packages/cflib/crazyflie/log.py", line 556, in _new_packet_cb
    block.unpack_log_data(logdata, timestamp)
  File "/home/taste/.local/lib/python3.5/site-packages/cflib/crazyflie/log.py", line 288, in unpack_log_data
    unpackstring, log_data[data_index:data_index + size])[0]
struct.error: unpack requires a bytes object of length 4

ERROR:cflib.crazyflie:Exception while doing callback on port [5]

Traceback (most recent call last):
  File "/home/taste/.local/lib/python3.5/site-packages/cflib/crazyflie/__init__.py", line 386, in run
    cb.callback(pk)
  File "/home/taste/.local/lib/python3.5/site-packages/cflib/crazyflie/log.py", line 556, in _new_packet_cb
    block.unpack_log_data(logdata, timestamp)
  File "/home/taste/.local/lib/python3.5/site-packages/cflib/crazyflie/log.py", line 288, in unpack_log_data
    unpackstring, log_data[data_index:data_index + size])[0]
struct.error: unpack requires a bytes object of length 4

/home/taste/Documents/FlyingTasters/PythonSocketServer/runSocketServer.sh: line 3: activate: No such file or directory
Traceback (most recent call last):
  File "/home/taste/Documents/FlyingTasters/PythonSocketServer/myBasiclogAndRampWithSocketServerC.py", line 161, in <module>
    mySocket.bind((HOST, PORT))
OSError: [Errno 98] Address already in use
end of runSocketServer script
/home/taste/Documents/FlyingTasters/PythonSocketServer/runSocketServer.sh: line 3: activate: No such file or directory
  File "/home/taste/Documents/FlyingTasters/PythonSocketServer/myBasiclogAndRampWithSocketServerC.py", line 160
    <<<<<<< HEAD
     ^
SyntaxError: invalid syntax
end of runSocketServer script
/home/taste/Documents/FlyingTasters/PythonSocketServer/runSocketServer.sh: line 3: activate: No such file or directory
Traceback (most recent call last):
  File "/home/taste/Documents/FlyingTasters/PythonSocketServer/myBasiclogAndRampWithSocketServerC.py", line 161, in <module>
    mySocket.bind((HOST, PORT))
OSError: [Errno 98] Address already in use
end of runSocketServer script
